::1 - - [22/Jan/2020:15:32:47 +0300] "GET /index.php HTTP/1.1" 200 68967
::1 - - [22/Jan/2020:15:32:47 +0300] "GET /favicon.ico HTTP/1.1" 404 196
127.0.0.1 - - [22/Jan/2020:15:33:29 +0300] "\x16\x03\x01\x02" 400 226
127.0.0.1 - - [22/Jan/2020:15:43:29 +0300] "\x16\x03\x01\x02" 400 226
::1 - - [22/Jan/2020:15:49:37 +0300] "GET / HTTP/1.1" 200 660
::1 - - [22/Jan/2020:15:49:52 +0300] "POST /display.php HTTP/1.1" 200 324
::1 - - [22/Jan/2020:15:53:14 +0300] "POST /display.php HTTP/1.1" 200 236
::1 - - [22/Jan/2020:15:53:20 +0300] "GET / HTTP/1.1" 304 -
127.0.0.1 - - [22/Jan/2020:15:53:29 +0300] "\x16\x03\x01\x02" 400 226
::1 - - [22/Jan/2020:15:53:56 +0300] "POST /display.php HTTP/1.1" 200 224
::1 - - [22/Jan/2020:15:54:32 +0300] "GET / HTTP/1.1" 304 -
127.0.0.1 - - [22/Jan/2020:16:03:29 +0300] "\x16\x03\x01\x02" 400 226
127.0.0.1 - - [22/Jan/2020:16:13:29 +0300] "\x16\x03\x01\x02" 400 226
::1 - - [22/Jan/2020:16:20:53 +0300] "POST /display.php HTTP/1.1" 200 236
::1 - - [22/Jan/2020:16:21:47 +0300] "POST /display.php HTTP/1.1" 200 244
::1 - - [22/Jan/2020:16:23:19 +0300] "POST /display.php HTTP/1.1" 200 248
127.0.0.1 - - [22/Jan/2020:16:23:29 +0300] "\x16\x03\x01\x02" 400 226
127.0.0.1 - - [22/Jan/2020:16:25:43 +0300] "\x16\x03\x01\x02" 400 226
127.0.0.1 - - [22/Jan/2020:16:33:29 +0300] "\x16\x03\x01\x02" 400 226
::1 - - [22/Jan/2020:16:37:15 +0300] "POST /display.php HTTP/1.1" 200 141
::1 - - [22/Jan/2020:16:37:54 +0300] "POST /display.php HTTP/1.1" 200 142
::1 - - [22/Jan/2020:16:37:58 +0300] "POST /display.php HTTP/1.1" 200 142
::1 - - [22/Jan/2020:16:38:10 +0300] "POST /display.php HTTP/1.1" 200 249
::1 - - [22/Jan/2020:16:38:26 +0300] "POST /display.php HTTP/1.1" 200 249
::1 - - [22/Jan/2020:16:38:28 +0300] "POST /display.php HTTP/1.1" 200 249
::1 - - [22/Jan/2020:16:38:32 +0300] "GET / HTTP/1.1" 304 -
::1 - - [22/Jan/2020:16:39:42 +0300] "POST /display.php HTTP/1.1" 200 303
::1 - - [22/Jan/2020:16:42:58 +0300] "POST /display.php HTTP/1.1" 200 230
127.0.0.1 - - [22/Jan/2020:16:43:29 +0300] "\x16\x03\x01\x02" 400 226
127.0.0.1 - - [22/Jan/2020:16:53:29 +0300] "\x16\x03\x01\x02" 400 226
::1 - - [22/Jan/2020:16:54:01 +0300] "POST /display.php HTTP/1.1" 200 140
::1 - - [22/Jan/2020:16:54:13 +0300] "POST /display.php HTTP/1.1" 200 235
127.0.0.1 - - [22/Jan/2020:17:03:29 +0300] "\x16\x03\x01\x02" 400 226
::1 - - [22/Jan/2020:17:07:56 +0300] "POST /display.php HTTP/1.1" 200 218
::1 - - [22/Jan/2020:17:08:32 +0300] "POST /display.php HTTP/1.1" 200 244
::1 - - [22/Jan/2020:17:08:45 +0300] "POST /display.php HTTP/1.1" 200 247
::1 - - [22/Jan/2020:17:13:23 +0300] "POST /display.php HTTP/1.1" 200 149
127.0.0.1 - - [22/Jan/2020:17:13:29 +0300] "\x16\x03\x01\x02" 400 226
::1 - - [22/Jan/2020:17:13:35 +0300] "POST /display.php HTTP/1.1" 200 138
::1 - - [22/Jan/2020:17:13:46 +0300] "POST /display.php HTTP/1.1" 200 587
::1 - - [22/Jan/2020:17:14:20 +0300] "POST /display.php HTTP/1.1" 200 587
127.0.0.1 - - [22/Jan/2020:17:23:29 +0300] "\x16\x03\x01\x02" 400 226
127.0.0.1 - - [22/Jan/2020:17:33:29 +0300] "\x16\x03\x01\x02" 400 226
127.0.0.1 - - [22/Jan/2020:17:43:29 +0300] "\x16\x03\x01\x02" 400 226
127.0.0.1 - - [22/Jan/2020:17:53:29 +0300] "\x16\x03\x01\x02" 400 226
127.0.0.1 - - [22/Jan/2020:18:03:29 +0300] "\x16\x03\x01\x02" 400 226
127.0.0.1 - - [22/Jan/2020:18:13:29 +0300] "\x16\x03\x01\x02" 400 226
127.0.0.1 - - [22/Jan/2020:18:23:29 +0300] "\x16\x03\x01\x02" 400 226
127.0.0.1 - - [22/Jan/2020:18:33:29 +0300] "\x16\x03\x01\x02" 400 226
127.0.0.1 - - [22/Jan/2020:18:43:29 +0300] "\x16\x03\x01\x02" 400 226
127.0.0.1 - - [22/Jan/2020:18:53:29 +0300] "\x16\x03\x01\x02" 400 226
127.0.0.1 - - [22/Jan/2020:19:03:29 +0300] "\x16\x03\x01\x02" 400 226
127.0.0.1 - - [22/Jan/2020:19:13:29 +0300] "\x16\x03\x01\x02" 400 226
127.0.0.1 - - [22/Jan/2020:19:23:29 +0300] "\x16\x03\x01\x02" 400 226
127.0.0.1 - - [22/Jan/2020:19:33:29 +0300] "\x16\x03\x01\x02" 400 226
127.0.0.1 - - [22/Jan/2020:19:43:29 +0300] "\x16\x03\x01\x02" 400 226
127.0.0.1 - - [22/Jan/2020:19:53:29 +0300] "\x16\x03\x01\x02" 400 226
127.0.0.1 - - [22/Jan/2020:20:03:29 +0300] "\x16\x03\x01\x02" 400 226
127.0.0.1 - - [22/Jan/2020:20:13:29 +0300] "\x16\x03\x01\x02" 400 226
127.0.0.1 - - [22/Jan/2020:20:23:29 +0300] "\x16\x03\x01\x02" 400 226
127.0.0.1 - - [22/Jan/2020:20:33:29 +0300] "\x16\x03\x01\x02" 400 226
127.0.0.1 - - [22/Jan/2020:20:43:29 +0300] "\x16\x03\x01\x02" 400 226
127.0.0.1 - - [22/Jan/2020:20:53:29 +0300] "\x16\x03\x01\x02" 400 226
127.0.0.1 - - [22/Jan/2020:21:03:29 +0300] "\x16\x03\x01\x02" 400 226
127.0.0.1 - - [22/Jan/2020:21:13:29 +0300] "\x16\x03\x01\x02" 400 226
::1 - - [22/Jan/2020:21:20:56 +0300] "GET / HTTP/1.1" 304 -
::1 - - [22/Jan/2020:21:21:04 +0300] "POST /display.php HTTP/1.1" 200 756
::1 - - [22/Jan/2020:21:23:20 +0300] "GET / HTTP/1.1" 200 378
127.0.0.1 - - [22/Jan/2020:21:23:29 +0300] "\x16\x03\x01\x02" 400 226
::1 - - [22/Jan/2020:21:23:46 +0300] "GET / HTTP/1.1" 200 384
::1 - - [22/Jan/2020:21:25:43 +0300] "GET / HTTP/1.1" 200 415
::1 - - [22/Jan/2020:21:25:44 +0300] "GET /display.php? HTTP/1.1" 200 756
::1 - - [22/Jan/2020:21:27:29 +0300] "GET /display.php? HTTP/1.1" 200 858
::1 - - [22/Jan/2020:21:27:30 +0300] "GET /index.html? HTTP/1.1" 200 415
::1 - - [22/Jan/2020:21:27:31 +0300] "GET /display.php? HTTP/1.1" 200 858
127.0.0.1 - - [22/Jan/2020:21:33:29 +0300] "\x16\x03\x01\x02" 400 226
::1 - - [22/Jan/2020:21:41:25 +0300] "GET /index.html? HTTP/1.1" 200 771
::1 - - [22/Jan/2020:21:41:25 +0300] "GET /css/index.css HTTP/1.1" 200 92
::1 - - [22/Jan/2020:21:41:32 +0300] "GET /index.html HTTP/1.1" 200 771
::1 - - [22/Jan/2020:21:41:32 +0300] "GET /css/index.css HTTP/1.1" 304 -
::1 - - [22/Jan/2020:21:42:11 +0300] "GET /index.html HTTP/1.1" 200 820
::1 - - [22/Jan/2020:21:42:11 +0300] "GET /css/index.css HTTP/1.1" 304 -
::1 - - [22/Jan/2020:21:42:57 +0300] "GET /index.html HTTP/1.1" 304 -
::1 - - [22/Jan/2020:21:42:57 +0300] "GET /css/index.css HTTP/1.1" 200 136
127.0.0.1 - - [22/Jan/2020:21:43:29 +0300] "\x16\x03\x01\x02" 400 226
::1 - - [22/Jan/2020:21:43:30 +0300] "GET /index.html HTTP/1.1" 304 -
::1 - - [22/Jan/2020:21:43:30 +0300] "GET /css/index.css HTTP/1.1" 200 138
::1 - - [22/Jan/2020:21:43:43 +0300] "GET /index.html HTTP/1.1" 304 -
::1 - - [22/Jan/2020:21:43:43 +0300] "GET /css/index.css HTTP/1.1" 200 138
::1 - - [22/Jan/2020:21:44:00 +0300] "GET /index.html HTTP/1.1" 304 -
::1 - - [22/Jan/2020:21:44:01 +0300] "GET /css/index.css HTTP/1.1" 200 138
::1 - - [22/Jan/2020:21:46:06 +0300] "GET /index.html HTTP/1.1" 304 -
::1 - - [22/Jan/2020:21:46:06 +0300] "GET /css/index.css HTTP/1.1" 200 161
::1 - - [22/Jan/2020:21:47:40 +0300] "GET /index.html HTTP/1.1" 304 -
::1 - - [22/Jan/2020:21:47:40 +0300] "GET /css/index.css HTTP/1.1" 200 227
::1 - - [22/Jan/2020:21:48:01 +0300] "GET /index.html HTTP/1.1" 304 -
::1 - - [22/Jan/2020:21:48:01 +0300] "GET /css/index.css HTTP/1.1" 200 249
::1 - - [22/Jan/2020:21:48:06 +0300] "GET /index.html HTTP/1.1" 304 -
::1 - - [22/Jan/2020:21:48:06 +0300] "GET /css/index.css HTTP/1.1" 200 248
::1 - - [22/Jan/2020:21:48:10 +0300] "GET /index.html HTTP/1.1" 304 -
::1 - - [22/Jan/2020:21:48:10 +0300] "GET /css/index.css HTTP/1.1" 200 247
::1 - - [22/Jan/2020:21:48:13 +0300] "GET /index.html HTTP/1.1" 304 -
::1 - - [22/Jan/2020:21:48:13 +0300] "GET /css/index.css HTTP/1.1" 200 247
::1 - - [22/Jan/2020:21:49:54 +0300] "GET /index.html HTTP/1.1" 304 -
::1 - - [22/Jan/2020:21:49:54 +0300] "GET /css/index.css HTTP/1.1" 200 331
::1 - - [22/Jan/2020:21:50:14 +0300] "GET /index.html HTTP/1.1" 304 -
::1 - - [22/Jan/2020:21:50:14 +0300] "GET /css/index.css HTTP/1.1" 200 350
::1 - - [22/Jan/2020:21:50:23 +0300] "GET /index.html HTTP/1.1" 304 -
::1 - - [22/Jan/2020:21:50:23 +0300] "GET /css/index.css HTTP/1.1" 200 349
::1 - - [22/Jan/2020:21:50:49 +0300] "GET /index.html HTTP/1.1" 304 -
::1 - - [22/Jan/2020:21:50:49 +0300] "GET /css/index.css HTTP/1.1" 200 355
::1 - - [22/Jan/2020:21:50:57 +0300] "GET /index.html HTTP/1.1" 304 -
::1 - - [22/Jan/2020:21:50:57 +0300] "GET /css/index.css HTTP/1.1" 200 349
::1 - - [22/Jan/2020:21:52:57 +0300] "GET /index.html HTTP/1.1" 304 -
::1 - - [22/Jan/2020:21:52:57 +0300] "GET /css/index.css HTTP/1.1" 200 376
::1 - - [22/Jan/2020:21:53:05 +0300] "GET /index.html HTTP/1.1" 304 -
::1 - - [22/Jan/2020:21:53:06 +0300] "GET /css/index.css HTTP/1.1" 200 404
::1 - - [22/Jan/2020:21:53:11 +0300] "GET /index.html HTTP/1.1" 304 -
::1 - - [22/Jan/2020:21:53:11 +0300] "GET /css/index.css HTTP/1.1" 200 370
127.0.0.1 - - [22/Jan/2020:21:53:29 +0300] "\x16\x03\x01\x02" 400 226
::1 - - [22/Jan/2020:21:53:29 +0300] "GET /index.html HTTP/1.1" 304 -
::1 - - [22/Jan/2020:21:53:29 +0300] "GET /css/index.css HTTP/1.1" 200 368
::1 - - [22/Jan/2020:21:53:41 +0300] "GET /index.html HTTP/1.1" 304 -
::1 - - [22/Jan/2020:21:53:41 +0300] "GET /css/index.css HTTP/1.1" 200 368
::1 - - [22/Jan/2020:21:55:38 +0300] "GET /index.html HTTP/1.1" 304 -
::1 - - [22/Jan/2020:21:55:38 +0300] "GET /css/index.css HTTP/1.1" 200 386
::1 - - [22/Jan/2020:21:56:00 +0300] "GET /index.html HTTP/1.1" 304 -
::1 - - [22/Jan/2020:21:56:00 +0300] "GET /css/index.css HTTP/1.1" 200 416
::1 - - [22/Jan/2020:21:57:39 +0300] "GET /index.html HTTP/1.1" 304 -
::1 - - [22/Jan/2020:21:57:39 +0300] "GET /css/index.css HTTP/1.1" 200 418
127.0.0.1 - - [22/Jan/2020:22:03:29 +0300] "\x16\x03\x01\x02" 400 226
127.0.0.1 - - [22/Jan/2020:22:13:29 +0300] "\x16\x03\x01\x02" 400 226
127.0.0.1 - - [22/Jan/2020:22:23:29 +0300] "\x16\x03\x01\x02" 400 226
127.0.0.1 - - [22/Jan/2020:22:33:29 +0300] "\x16\x03\x01\x02" 400 226
127.0.0.1 - - [22/Jan/2020:22:43:29 +0300] "\x16\x03\x01\x02" 400 226
::1 - - [22/Jan/2020:22:47:59 +0300] "GET /index.html HTTP/1.1" 200 841
::1 - - [22/Jan/2020:22:47:59 +0300] "GET /css/index.css HTTP/1.1" 200 883
127.0.0.1 - - [22/Jan/2020:22:53:29 +0300] "\x16\x03\x01\x02" 400 226
127.0.0.1 - - [22/Jan/2020:23:03:29 +0300] "\x16\x03\x01\x02" 400 226
127.0.0.1 - - [22/Jan/2020:23:13:29 +0300] "\x16\x03\x01\x02" 400 226
127.0.0.1 - - [22/Jan/2020:23:23:29 +0300] "\x16\x03\x01\x02" 400 226
127.0.0.1 - - [22/Jan/2020:23:33:29 +0300] "\x16\x03\x01\x02" 400 226
127.0.0.1 - - [22/Jan/2020:23:43:29 +0300] "\x16\x03\x01\x02" 400 226
127.0.0.1 - - [22/Jan/2020:23:53:29 +0300] "\x16\x03\x01\x02" 400 226
127.0.0.1 - - [23/Jan/2020:00:03:29 +0300] "\x16\x03\x01\x02" 400 226
127.0.0.1 - - [23/Jan/2020:00:13:29 +0300] "\x16\x03\x01\x02" 400 226
127.0.0.1 - - [23/Jan/2020:00:23:29 +0300] "\x16\x03\x01\x02" 400 226
127.0.0.1 - - [23/Jan/2020:00:33:29 +0300] "\x16\x03\x01\x02" 400 226
::1 - - [23/Jan/2020:08:13:20 +0300] "GET /css/index.css HTTP/1.1" 200 3651
::1 - - [23/Jan/2020:08:13:20 +0300] "GET /favicon.ico HTTP/1.1" 404 196
::1 - - [23/Jan/2020:09:11:14 +0300] "GET /index.html HTTP/1.1" 200 1943
::1 - - [23/Jan/2020:09:11:14 +0300] "GET /css/parallax.css HTTP/1.1" 200 40
::1 - - [23/Jan/2020:09:11:14 +0300] "GET /css/index.css HTTP/1.1" 200 4497
::1 - - [23/Jan/2020:09:11:14 +0300] "GET /img/LOGO.png HTTP/1.1" 200 120253
::1 - - [23/Jan/2020:10:10:43 +0300] "GET /creators.html HTTP/1.1" 200 1698
::1 - - [23/Jan/2020:10:10:43 +0300] "GET /css/index.css HTTP/1.1" 304 -
::1 - - [23/Jan/2020:10:10:43 +0300] "GET /css/parallax.css HTTP/1.1" 200 40
::1 - - [23/Jan/2020:10:10:45 +0300] "GET /about.html HTTP/1.1" 200 1698
::1 - - [23/Jan/2020:10:10:47 +0300] "GET /index.html HTTP/1.1" 200 1938
::1 - - [23/Jan/2020:10:11:22 +0300] "GET /index.html HTTP/1.1" 200 1957
::1 - - [23/Jan/2020:10:12:11 +0300] "GET /index.html HTTP/1.1" 200 1942
::1 - - [23/Jan/2020:10:22:20 +0300] "GET /creators.html HTTP/1.1" 404 196
::1 - - [23/Jan/2020:10:23:35 +0300] "GET /creators.html HTTP/1.1" 404 196
::1 - - [23/Jan/2020:10:23:37 +0300] "GET /creators.html HTTP/1.1" 404 196
::1 - - [23/Jan/2020:10:24:21 +0300] "GET /index.html HTTP/1.1" 200 1945
::1 - - [23/Jan/2020:10:24:21 +0300] "GET /index.html HTTP/1.1" 304 -
::1 - - [23/Jan/2020:10:24:21 +0300] "GET /css/index.css HTTP/1.1" 304 -
::1 - - [23/Jan/2020:10:24:21 +0300] "GET /css/parallax.css HTTP/1.1" 304 -
::1 - - [23/Jan/2020:10:24:23 +0300] "GET /about.html HTTP/1.1" 200 1690
::1 - - [23/Jan/2020:10:31:53 +0300] "GET /about.html HTTP/1.1" 304 -
::1 - - [23/Jan/2020:10:31:53 +0300] "GET /css/parallax.css HTTP/1.1" 304 -
::1 - - [23/Jan/2020:10:32:19 +0300] "GET /about.html HTTP/1.1" 304 -
::1 - - [23/Jan/2020:10:32:22 +0300] "GET /index.html HTTP/1.1" 304 -
::1 - - [23/Jan/2020:18:44:20 +0300] "GET /css/parallax.css HTTP/1.1" 304 -
::1 - - [23/Jan/2020:18:44:20 +0300] "GET /css/index.css HTTP/1.1" 304 -
::1 - - [23/Jan/2020:18:44:23 +0300] "GET /favicon.ico HTTP/1.1" 404 196
::1 - - [23/Jan/2020:18:46:38 +0300] "GET /index.html HTTP/1.1" 304 -
::1 - - [23/Jan/2020:18:46:51 +0300] "GET /about.html HTTP/1.1" 304 -
::1 - - [23/Jan/2020:18:46:54 +0300] "GET /php/creators.php HTTP/1.1" 200 2007
::1 - - [23/Jan/2020:18:46:54 +0300] "GET /php/css/index.css HTTP/1.1" 404 196
::1 - - [23/Jan/2020:18:46:54 +0300] "GET /php/css/parallax.css HTTP/1.1" 404 196
::1 - - [23/Jan/2020:18:46:54 +0300] "GET /php/img/LOGO.png HTTP/1.1" 404 196
::1 - - [23/Jan/2020:18:46:54 +0300] "GET /php/img/1.jpg HTTP/1.1" 404 196
::1 - - [23/Jan/2020:18:51:32 +0300] "GET /index.html HTTP/1.1" 200 2004
::1 - - [23/Jan/2020:18:51:32 +0300] "GET /css/mainPage.css HTTP/1.1" 200 129
::1 - - [23/Jan/2020:18:56:58 +0300] "GET /index.html HTTP/1.1" 304 -
::1 - - [23/Jan/2020:18:56:58 +0300] "GET /css/mainPage.css HTTP/1.1" 304 -
::1 - - [23/Jan/2020:18:57:15 +0300] "GET /.hat HTTP/1.1" 404 196
::1 - - [23/Jan/2020:19:02:20 +0300] "GET /php/creators.php HTTP/1.1" 200 2032
::1 - - [23/Jan/2020:19:02:20 +0300] "GET /php/css/index.css HTTP/1.1" 404 196
::1 - - [23/Jan/2020:19:02:20 +0300] "GET /php/css/parallax.css HTTP/1.1" 404 196
::1 - - [23/Jan/2020:19:02:20 +0300] "GET /php/css/creators.css HTTP/1.1" 404 196
::1 - - [23/Jan/2020:19:02:20 +0300] "GET /php/img/LOGO.png HTTP/1.1" 404 196
::1 - - [23/Jan/2020:19:02:20 +0300] "GET /php/img/1.jpg HTTP/1.1" 404 196
::1 - - [23/Jan/2020:19:04:31 +0300] "GET /index.html HTTP/1.1" 304 -
::1 - - [23/Jan/2020:19:04:32 +0300] "GET /css/mainPage.css HTTP/1.1" 304 -
::1 - - [23/Jan/2020:19:05:10 +0300] "GET /php/creators.php HTTP/1.1" 200 2032
::1 - - [23/Jan/2020:19:05:10 +0300] "GET /php/css/index.css HTTP/1.1" 404 196
::1 - - [23/Jan/2020:19:05:10 +0300] "GET /php/css/parallax.css HTTP/1.1" 404 196
::1 - - [23/Jan/2020:19:05:10 +0300] "GET /php/img/LOGO.png HTTP/1.1" 404 196
::1 - - [23/Jan/2020:19:05:10 +0300] "GET /php/img/1.jpg HTTP/1.1" 404 196
::1 - - [23/Jan/2020:19:05:10 +0300] "GET /php/css/creators.css HTTP/1.1" 404 196
::1 - - [23/Jan/2020:19:05:29 +0300] "GET /index.html HTTP/1.1" 200 2003
::1 - - [23/Jan/2020:19:05:30 +0300] "GET /php/display.php HTTP/1.1" 200 2032
::1 - - [23/Jan/2020:19:05:30 +0300] "GET /php/css/index.css HTTP/1.1" 404 196
::1 - - [23/Jan/2020:19:05:30 +0300] "GET /php/css/parallax.css HTTP/1.1" 404 196
::1 - - [23/Jan/2020:19:05:30 +0300] "GET /php/img/LOGO.png HTTP/1.1" 404 196
::1 - - [23/Jan/2020:19:05:30 +0300] "GET /php/css/creators.css HTTP/1.1" 404 196
::1 - - [23/Jan/2020:19:05:30 +0300] "GET /php/img/1.jpg HTTP/1.1" 404 196
::1 - - [23/Jan/2020:19:06:36 +0300] "GET /php/index.html HTTP/1.1" 404 196
::1 - - [23/Jan/2020:19:06:38 +0300] "GET /php/index.html HTTP/1.1" 404 196
::1 - - [23/Jan/2020:19:06:48 +0300] "GET /index.html HTTP/1.1" 200 1899
::1 - - [23/Jan/2020:19:06:48 +0300] "GET /css/mainPage.css HTTP/1.1" 304 -
::1 - - [23/Jan/2020:19:07:09 +0300] "GET /php/creators.php HTTP/1.1" 200 1959
::1 - - [23/Jan/2020:19:07:09 +0300] "GET /php/css/index.css HTTP/1.1" 404 196
::1 - - [23/Jan/2020:19:07:09 +0300] "GET /php/css/creators.css HTTP/1.1" 404 196
::1 - - [23/Jan/2020:19:07:09 +0300] "GET /php/img/LOGO.png HTTP/1.1" 404 196
::1 - - [23/Jan/2020:19:07:09 +0300] "GET /php/img/1.jpg HTTP/1.1" 404 196
::1 - - [23/Jan/2020:19:07:10 +0300] "GET /php/index.html HTTP/1.1" 404 196
::1 - - [23/Jan/2020:19:08:06 +0300] "GET /php/creators.php HTTP/1.1" 200 1962
::1 - - [23/Jan/2020:19:08:06 +0300] "GET /php/css/index.css HTTP/1.1" 404 196
::1 - - [23/Jan/2020:19:08:06 +0300] "GET /php/css/creators.css HTTP/1.1" 404 196
::1 - - [23/Jan/2020:19:08:06 +0300] "GET /php/img/LOGO.png HTTP/1.1" 404 196
::1 - - [23/Jan/2020:19:08:06 +0300] "GET /php/img/1.jpg HTTP/1.1" 404 196
::1 - - [23/Jan/2020:19:08:09 +0300] "GET /index.html HTTP/1.1" 200 1899
::1 - - [23/Jan/2020:19:08:54 +0300] "GET /php/creators.php HTTP/1.1" 200 1968
::1 - - [23/Jan/2020:19:08:54 +0300] "GET /css/creators.css HTTP/1.1" 200 129
::1 - - [23/Jan/2020:19:08:54 +0300] "GET /php/img/LOGO.png HTTP/1.1" 404 196
::1 - - [23/Jan/2020:19:08:54 +0300] "GET /php/img/1.jpg HTTP/1.1" 404 196
::1 - - [23/Jan/2020:19:09:32 +0300] "GET /php/creators.php HTTP/1.1" 200 1968
::1 - - [23/Jan/2020:19:09:32 +0300] "GET /img/1.jpg HTTP/1.1" 200 605900
::1 - - [23/Jan/2020:19:48:49 +0300] "GET /php/creators.php HTTP/1.1" 200 1968
::1 - - [23/Jan/2020:19:48:49 +0300] "GET /css/index.css HTTP/1.1" 200 4422
::1 - - [23/Jan/2020:19:48:49 +0300] "GET /css/creators.css HTTP/1.1" 200 693
::1 - - [23/Jan/2020:19:49:11 +0300] "GET /php/creators.php HTTP/1.1" 200 1968
::1 - - [23/Jan/2020:19:49:11 +0300] "GET /css/creators.css HTTP/1.1" 200 695
::1 - - [23/Jan/2020:19:49:56 +0300] "GET /php/creators.php HTTP/1.1" 200 1968
::1 - - [23/Jan/2020:19:49:56 +0300] "GET /css/creators.css HTTP/1.1" 200 719
::1 - - [23/Jan/2020:19:52:57 +0300] "GET /php/creators.php HTTP/1.1" 200 3154
::1 - - [23/Jan/2020:19:52:57 +0300] "GET /img/2.jpg HTTP/1.1" 200 202869
::1 - - [23/Jan/2020:19:52:57 +0300] "GET /img/3.jpg HTTP/1.1" 200 85912
::1 - - [23/Jan/2020:19:52:57 +0300] "GET /css/creators.css HTTP/1.1" 304 -
::1 - - [23/Jan/2020:19:52:57 +0300] "GET /img/4.jpg HTTP/1.1" 200 287653
::1 - - [23/Jan/2020:19:53:56 +0300] "GET /php/creators.php HTTP/1.1" 200 3154
::1 - - [23/Jan/2020:19:53:56 +0300] "GET /css/creators.css HTTP/1.1" 200 761
::1 - - [23/Jan/2020:19:53:57 +0300] "GET /php/creators.php HTTP/1.1" 200 3154
::1 - - [23/Jan/2020:20:02:52 +0300] "GET /php/creators.php HTTP/1.1" 200 3490
::1 - - [23/Jan/2020:20:02:52 +0300] "GET /css/index.css HTTP/1.1" 304 -
::1 - - [23/Jan/2020:20:02:52 +0300] "GET /img/1.jpg HTTP/1.1" 304 -
::1 - - [23/Jan/2020:20:02:52 +0300] "GET /css/creators.css HTTP/1.1" 200 969
::1 - - [23/Jan/2020:20:04:04 +0300] "GET /php/creators.php HTTP/1.1" 200 3418
::1 - - [23/Jan/2020:20:04:04 +0300] "GET /css/creators.css HTTP/1.1" 200 970
::1 - - [23/Jan/2020:20:04:18 +0300] "GET /css/creators.css HTTP/1.1" 200 974
::1 - - [23/Jan/2020:20:04:39 +0300] "GET /php/creators.php HTTP/1.1" 200 3418
::1 - - [23/Jan/2020:20:04:39 +0300] "GET /css/creators.css HTTP/1.1" 200 973
::1 - - [23/Jan/2020:20:04:44 +0300] "GET /php/creators.php HTTP/1.1" 200 3418
::1 - - [23/Jan/2020:20:04:44 +0300] "GET /css/creators.css HTTP/1.1" 200 974
::1 - - [23/Jan/2020:20:05:47 +0300] "GET /php/creators.php HTTP/1.1" 200 3632
::1 - - [23/Jan/2020:20:05:47 +0300] "GET /css/creators.css HTTP/1.1" 200 999
::1 - - [23/Jan/2020:20:05:59 +0300] "GET /php/creators.php HTTP/1.1" 200 3632
::1 - - [23/Jan/2020:20:05:59 +0300] "GET /css/creators.css HTTP/1.1" 304 -
::1 - - [23/Jan/2020:20:06:16 +0300] "GET /php/creators.php HTTP/1.1" 200 3632
::1 - - [23/Jan/2020:20:06:16 +0300] "GET /css/creators.css HTTP/1.1" 200 998
::1 - - [23/Jan/2020:20:06:20 +0300] "GET /php/creators.php HTTP/1.1" 200 3632
::1 - - [23/Jan/2020:20:06:21 +0300] "GET /css/creators.css HTTP/1.1" 200 999
::1 - - [23/Jan/2020:20:06:57 +0300] "GET /php/creators.php HTTP/1.1" 200 3632
::1 - - [23/Jan/2020:20:06:57 +0300] "GET /css/creators.css HTTP/1.1" 200 1040
127.0.0.1 - - [23/Jan/2020:20:08:01 +0300] "\x16\x03\x01\x02" 400 226
::1 - - [23/Jan/2020:20:08:05 +0300] "GET /php/creators.php HTTP/1.1" 200 3632
::1 - - [23/Jan/2020:20:08:05 +0300] "GET /css/creators.css HTTP/1.1" 304 -
::1 - - [23/Jan/2020:20:10:07 +0300] "GET /php/creators.php HTTP/1.1" 200 3632
::1 - - [23/Jan/2020:20:10:07 +0300] "GET /css/index.css HTTP/1.1" 304 -
::1 - - [23/Jan/2020:20:10:07 +0300] "GET /css/creators.css HTTP/1.1" 200 1062
::1 - - [23/Jan/2020:20:10:16 +0300] "GET /php/creators.php HTTP/1.1" 200 3632
::1 - - [23/Jan/2020:20:10:17 +0300] "GET /css/creators.css HTTP/1.1" 200 1025
::1 - - [23/Jan/2020:20:11:52 +0300] "GET /php/creators.php HTTP/1.1" 200 4004
::1 - - [23/Jan/2020:20:11:52 +0300] "GET /css/creators.css HTTP/1.1" 200 1063
::1 - - [23/Jan/2020:20:12:02 +0300] "GET /php/creators.php HTTP/1.1" 200 4004
::1 - - [23/Jan/2020:20:12:02 +0300] "GET /css/creators.css HTTP/1.1" 200 1093
::1 - - [23/Jan/2020:20:12:12 +0300] "GET /php/creators.php HTTP/1.1" 200 4004
::1 - - [23/Jan/2020:20:12:13 +0300] "GET /css/creators.css HTTP/1.1" 200 1093
::1 - - [23/Jan/2020:20:12:19 +0300] "GET /php/creators.php HTTP/1.1" 200 4004
::1 - - [23/Jan/2020:20:12:19 +0300] "GET /css/creators.css HTTP/1.1" 200 1064
::1 - - [23/Jan/2020:20:12:27 +0300] "GET /php/creators.php HTTP/1.1" 200 4004
::1 - - [23/Jan/2020:20:12:27 +0300] "GET /css/creators.css HTTP/1.1" 200 1093
::1 - - [23/Jan/2020:20:12:54 +0300] "GET /php/creators.php HTTP/1.1" 200 4004
::1 - - [23/Jan/2020:20:12:54 +0300] "GET /css/creators.css HTTP/1.1" 200 1143
::1 - - [23/Jan/2020:20:13:17 +0300] "GET /php/creators.php HTTP/1.1" 200 4004
::1 - - [23/Jan/2020:20:13:17 +0300] "GET /css/creators.css HTTP/1.1" 200 1147
::1 - - [23/Jan/2020:20:13:23 +0300] "GET /php/creators.php HTTP/1.1" 200 4004
::1 - - [23/Jan/2020:20:13:23 +0300] "GET /css/creators.css HTTP/1.1" 200 1139
::1 - - [23/Jan/2020:20:14:00 +0300] "GET /php/creators.php HTTP/1.1" 200 4004
::1 - - [23/Jan/2020:20:14:00 +0300] "GET /css/creators.css HTTP/1.1" 200 1169
::1 - - [23/Jan/2020:20:14:01 +0300] "GET /php/creators.php HTTP/1.1" 200 4004
::1 - - [23/Jan/2020:20:14:01 +0300] "GET /css/creators.css HTTP/1.1" 304 -
::1 - - [23/Jan/2020:20:14:10 +0300] "GET /php/creators.php HTTP/1.1" 200 4004
::1 - - [23/Jan/2020:20:14:10 +0300] "GET /css/creators.css HTTP/1.1" 200 1169
::1 - - [23/Jan/2020:20:14:38 +0300] "GET /php/creators.php HTTP/1.1" 200 4004
::1 - - [23/Jan/2020:20:14:38 +0300] "GET /css/creators.css HTTP/1.1" 200 1230
::1 - - [23/Jan/2020:20:15:03 +0300] "GET /php/creators.php HTTP/1.1" 200 4004
::1 - - [23/Jan/2020:20:15:03 +0300] "GET /css/creators.css HTTP/1.1" 200 1246
::1 - - [23/Jan/2020:20:15:17 +0300] "GET /css/creators.css HTTP/1.1" 304 -
::1 - - [23/Jan/2020:20:16:14 +0300] "GET /php/creators.php HTTP/1.1" 200 4004
::1 - - [23/Jan/2020:20:16:15 +0300] "GET /css/creators.css HTTP/1.1" 304 -
127.0.0.1 - - [23/Jan/2020:20:18:01 +0300] "\x16\x03\x01\x02" 400 226
::1 - - [23/Jan/2020:20:19:51 +0300] "GET /php/creators.php HTTP/1.1" 200 4004
::1 - - [23/Jan/2020:20:19:51 +0300] "GET /css/creators.css HTTP/1.1" 200 1259
::1 - - [23/Jan/2020:20:19:51 +0300] "GET /css/index.css HTTP/1.1" 200 4444
::1 - - [23/Jan/2020:20:19:58 +0300] "GET /php/creators.php HTTP/1.1" 200 4004
::1 - - [23/Jan/2020:20:19:59 +0300] "GET /css/creators.css HTTP/1.1" 200 1259
::1 - - [23/Jan/2020:20:20:01 +0300] "GET /php/creators.php HTTP/1.1" 200 4004
::1 - - [23/Jan/2020:20:20:01 +0300] "GET /css/creators.css HTTP/1.1" 304 -
::1 - - [23/Jan/2020:20:20:03 +0300] "GET /php/creators.php HTTP/1.1" 200 4004
::1 - - [23/Jan/2020:20:20:03 +0300] "GET /css/creators.css HTTP/1.1" 304 -
::1 - - [23/Jan/2020:20:20:14 +0300] "GET /php/creators.php HTTP/1.1" 200 4004
::1 - - [23/Jan/2020:20:20:14 +0300] "GET /css/index.css HTTP/1.1" 304 -
::1 - - [23/Jan/2020:20:20:14 +0300] "GET /css/creators.css HTTP/1.1" 200 1240
::1 - - [23/Jan/2020:20:20:32 +0300] "GET /php/creators.php HTTP/1.1" 200 4004
::1 - - [23/Jan/2020:20:20:33 +0300] "GET /css/creators.css HTTP/1.1" 200 1230
::1 - - [23/Jan/2020:20:20:40 +0300] "GET /php/creators.php HTTP/1.1" 200 4004
::1 - - [23/Jan/2020:20:20:40 +0300] "GET /css/index.css HTTP/1.1" 304 -
::1 - - [23/Jan/2020:20:20:40 +0300] "GET /css/creators.css HTTP/1.1" 200 1224
::1 - - [23/Jan/2020:20:20:53 +0300] "GET /about.html HTTP/1.1" 304 -
::1 - - [23/Jan/2020:20:20:53 +0300] "GET /css/parallax.css HTTP/1.1" 304 -
::1 - - [23/Jan/2020:20:21:02 +0300] "GET /about.html HTTP/1.1" 304 -
::1 - - [23/Jan/2020:20:21:03 +0300] "GET /img/1.jpg HTTP/1.1" 200 605900
::1 - - [23/Jan/2020:20:21:13 +0300] "GET /php/creators.php HTTP/1.1" 200 4004
::1 - - [23/Jan/2020:20:21:13 +0300] "GET /css/creators.css HTTP/1.1" 304 -
::1 - - [23/Jan/2020:20:21:13 +0300] "GET /css/index.css HTTP/1.1" 200 4422
::1 - - [23/Jan/2020:20:21:25 +0300] "GET /php/creators.php HTTP/1.1" 200 4004
::1 - - [23/Jan/2020:20:21:25 +0300] "GET /css/index.css HTTP/1.1" 304 -
::1 - - [23/Jan/2020:20:21:25 +0300] "GET /css/creators.css HTTP/1.1" 304 -
::1 - - [23/Jan/2020:20:22:01 +0300] "GET /php/creators.php HTTP/1.1" 200 4004
::1 - - [23/Jan/2020:20:22:01 +0300] "GET /css/index.css HTTP/1.1" 304 -
::1 - - [23/Jan/2020:20:22:01 +0300] "GET /css/creators.css HTTP/1.1" 200 1253
::1 - - [23/Jan/2020:20:22:36 +0300] "GET /php/creators.php HTTP/1.1" 200 4004
::1 - - [23/Jan/2020:20:22:36 +0300] "GET /css/index.css HTTP/1.1" 304 -
::1 - - [23/Jan/2020:20:22:36 +0300] "GET /css/creators.css HTTP/1.1" 200 1246
::1 - - [23/Jan/2020:20:24:12 +0300] "GET /php/creators.php HTTP/1.1" 200 4004
::1 - - [23/Jan/2020:20:24:12 +0300] "GET /css/index.css HTTP/1.1" 304 -
::1 - - [23/Jan/2020:20:24:12 +0300] "GET /css/creators.css HTTP/1.1" 304 -
::1 - - [23/Jan/2020:20:24:14 +0300] "GET /php/creators.php HTTP/1.1" 200 4004
::1 - - [23/Jan/2020:20:24:17 +0300] "GET /index.html HTTP/1.1" 304 -
::1 - - [23/Jan/2020:20:24:17 +0300] "GET /css/mainPage.css HTTP/1.1" 200 259
::1 - - [23/Jan/2020:20:24:19 +0300] "GET /php/creators.php HTTP/1.1" 200 4004
::1 - - [23/Jan/2020:20:26:08 +0300] "GET /php/creators.php HTTP/1.1" 200 4004
::1 - - [23/Jan/2020:20:26:09 +0300] "GET /css/creators.css HTTP/1.1" 304 -
::1 - - [23/Jan/2020:20:26:09 +0300] "GET /css/index.css HTTP/1.1" 304 -
::1 - - [23/Jan/2020:20:26:09 +0300] "GET /php/creators.php HTTP/1.1" 200 4004
::1 - - [23/Jan/2020:20:26:19 +0300] "GET /php/creators.php HTTP/1.1" 200 2862
::1 - - [23/Jan/2020:20:26:24 +0300] "GET /php/creators.php HTTP/1.1" 200 2862
::1 - - [23/Jan/2020:20:26:30 +0300] "GET /php/creators.php HTTP/1.1" 200 4004
127.0.0.1 - - [23/Jan/2020:20:28:01 +0300] "\x16\x03\x01\x02" 400 226
::1 - - [23/Jan/2020:20:30:01 +0300] "GET /php/creators.php HTTP/1.1" 200 4004
::1 - - [23/Jan/2020:20:30:01 +0300] "GET /css/creators.css HTTP/1.1" 304 -
::1 - - [23/Jan/2020:20:30:01 +0300] "GET /css/index.css HTTP/1.1" 304 -
::1 - - [23/Jan/2020:20:31:00 +0300] "GET /css/index.css HTTP/1.1" 304 -
::1 - - [23/Jan/2020:20:31:00 +0300] "GET /css/mainPage.css HTTP/1.1" 304 -
::1 - - [23/Jan/2020:20:31:05 +0300] "GET /php/creators.php HTTP/1.1" 200 4004
::1 - - [23/Jan/2020:20:31:05 +0300] "GET /css/creators.css HTTP/1.1" 304 -
::1 - - [23/Jan/2020:20:32:31 +0300] "GET /php/creators.php HTTP/1.1" 200 4004
::1 - - [23/Jan/2020:20:32:31 +0300] "GET /css/index.css HTTP/1.1" 304 -
::1 - - [23/Jan/2020:20:32:31 +0300] "GET /css/creators.css HTTP/1.1" 200 1261
::1 - - [23/Jan/2020:20:32:59 +0300] "GET /php/creators.php HTTP/1.1" 200 4004
::1 - - [23/Jan/2020:20:32:59 +0300] "GET /css/creators.css HTTP/1.1" 200 1284
::1 - - [23/Jan/2020:20:33:16 +0300] "GET /css/creators.css HTTP/1.1" 304 -
::1 - - [23/Jan/2020:20:34:24 +0300] "GET /php/creators.php HTTP/1.1" 200 4004
::1 - - [23/Jan/2020:20:34:24 +0300] "GET /css/index.css HTTP/1.1" 304 -
::1 - - [23/Jan/2020:20:34:24 +0300] "GET /css/creators.css HTTP/1.1" 200 1300
::1 - - [23/Jan/2020:20:35:16 +0300] "GET /php/creators.php HTTP/1.1" 200 4012
::1 - - [23/Jan/2020:20:35:16 +0300] "GET /css/creators.css HTTP/1.1" 200 1290
::1 - - [23/Jan/2020:20:35:36 +0300] "GET /php/creators.php HTTP/1.1" 200 4012
::1 - - [23/Jan/2020:20:35:36 +0300] "GET /css/creators.css HTTP/1.1" 304 -
::1 - - [23/Jan/2020:20:36:26 +0300] "GET /php/creators.php HTTP/1.1" 200 4004
::1 - - [23/Jan/2020:20:36:26 +0300] "GET /css/index.css HTTP/1.1" 304 -
::1 - - [23/Jan/2020:20:36:26 +0300] "GET /css/creators.css HTTP/1.1" 304 -
::1 - - [23/Jan/2020:20:37:40 +0300] "GET /php/creators.php HTTP/1.1" 200 4004
::1 - - [23/Jan/2020:20:37:40 +0300] "GET /css/creators.css HTTP/1.1" 200 1333
::1 - - [23/Jan/2020:20:37:47 +0300] "GET /php/creators.php HTTP/1.1" 200 4004
::1 - - [23/Jan/2020:20:37:47 +0300] "GET /css/creators.css HTTP/1.1" 200 1333
127.0.0.1 - - [23/Jan/2020:20:38:01 +0300] "\x16\x03\x01\x02" 400 226
::1 - - [23/Jan/2020:20:38:58 +0300] "GET /php/creators.php HTTP/1.1" 200 4004
::1 - - [23/Jan/2020:20:38:58 +0300] "GET /css/index.css HTTP/1.1" 304 -
::1 - - [23/Jan/2020:20:38:58 +0300] "GET /css/creators.css HTTP/1.1" 200 1338
::1 - - [23/Jan/2020:20:39:05 +0300] "GET /php/creators.php HTTP/1.1" 200 4004
::1 - - [23/Jan/2020:20:39:05 +0300] "GET /css/creators.css HTTP/1.1" 200 1337
::1 - - [23/Jan/2020:20:43:53 +0300] "GET /php/creators.php HTTP/1.1" 200 4004
::1 - - [23/Jan/2020:20:43:53 +0300] "GET /css/index.css HTTP/1.1" 200 4428
::1 - - [23/Jan/2020:20:43:53 +0300] "GET /css/creators.css HTTP/1.1" 200 1726
::1 - - [23/Jan/2020:20:44:16 +0300] "GET /php/creators.php HTTP/1.1" 200 4004
::1 - - [23/Jan/2020:20:44:16 +0300] "GET /css/index.css HTTP/1.1" 304 -
::1 - - [23/Jan/2020:20:44:16 +0300] "GET /css/creators.css HTTP/1.1" 200 1754
::1 - - [23/Jan/2020:20:44:34 +0300] "GET /php/creators.php HTTP/1.1" 200 4004
::1 - - [23/Jan/2020:20:44:34 +0300] "GET /css/index.css HTTP/1.1" 304 -
::1 - - [23/Jan/2020:20:44:34 +0300] "GET /css/creators.css HTTP/1.1" 200 1755
::1 - - [23/Jan/2020:20:44:59 +0300] "GET /php/creators.php HTTP/1.1" 200 4004
::1 - - [23/Jan/2020:20:44:59 +0300] "GET /css/index.css HTTP/1.1" 304 -
::1 - - [23/Jan/2020:20:44:59 +0300] "GET /css/creators.css HTTP/1.1" 200 1755
::1 - - [23/Jan/2020:20:45:19 +0300] "GET /php/creators.php HTTP/1.1" 200 4004
::1 - - [23/Jan/2020:20:45:20 +0300] "GET /css/index.css HTTP/1.1" 304 -
::1 - - [23/Jan/2020:20:45:20 +0300] "GET /css/creators.css HTTP/1.1" 200 1840
::1 - - [23/Jan/2020:20:46:24 +0300] "GET /php/creators.php HTTP/1.1" 200 4024
::1 - - [23/Jan/2020:20:46:24 +0300] "GET /css/index.css HTTP/1.1" 304 -
::1 - - [23/Jan/2020:20:46:24 +0300] "GET /css/creators.css HTTP/1.1" 304 -
::1 - - [23/Jan/2020:20:46:43 +0300] "GET /php/creators.php HTTP/1.1" 200 4024
::1 - - [23/Jan/2020:20:46:43 +0300] "GET /css/creators.css HTTP/1.1" 304 -
::1 - - [23/Jan/2020:20:47:28 +0300] "GET /php/creators.php HTTP/1.1" 200 4024
::1 - - [23/Jan/2020:20:47:28 +0300] "GET /css/creators.css HTTP/1.1" 304 -
::1 - - [23/Jan/2020:20:47:28 +0300] "GET /css/index.css HTTP/1.1" 200 4464
127.0.0.1 - - [23/Jan/2020:20:48:01 +0300] "\x16\x03\x01\x02" 400 226
::1 - - [23/Jan/2020:20:48:04 +0300] "GET /php/creators.php HTTP/1.1" 200 4024
::1 - - [23/Jan/2020:20:48:04 +0300] "GET /css/index.css HTTP/1.1" 304 -
::1 - - [23/Jan/2020:20:48:04 +0300] "GET /css/creators.css HTTP/1.1" 200 1838
::1 - - [23/Jan/2020:20:48:16 +0300] "GET /php/creators.php HTTP/1.1" 200 4024
::1 - - [23/Jan/2020:20:48:17 +0300] "GET /css/index.css HTTP/1.1" 304 -
::1 - - [23/Jan/2020:20:48:17 +0300] "GET /css/creators.css HTTP/1.1" 200 1841
::1 - - [23/Jan/2020:20:48:25 +0300] "GET /php/creators.php HTTP/1.1" 200 4024
::1 - - [23/Jan/2020:20:48:25 +0300] "GET /css/creators.css HTTP/1.1" 304 -
::1 - - [23/Jan/2020:20:48:25 +0300] "GET /css/index.css HTTP/1.1" 200 4441
::1 - - [23/Jan/2020:20:48:58 +0300] "GET /php/creators.php HTTP/1.1" 200 4024
::1 - - [23/Jan/2020:20:48:58 +0300] "GET /css/creators.css HTTP/1.1" 304 -
::1 - - [23/Jan/2020:20:48:58 +0300] "GET /css/index.css HTTP/1.1" 200 4469
::1 - - [23/Jan/2020:20:49:10 +0300] "GET /php/creators.php HTTP/1.1" 200 4024
::1 - - [23/Jan/2020:20:49:10 +0300] "GET /css/creators.css HTTP/1.1" 304 -
::1 - - [23/Jan/2020:20:49:10 +0300] "GET /css/index.css HTTP/1.1" 200 4471
::1 - - [23/Jan/2020:20:49:40 +0300] "GET /php/creators.php HTTP/1.1" 200 4024
::1 - - [23/Jan/2020:20:49:40 +0300] "GET /css/creators.css HTTP/1.1" 304 -
::1 - - [23/Jan/2020:20:49:40 +0300] "GET /img/2.jpg HTTP/1.1" 200 91561
::1 - - [23/Jan/2020:20:49:40 +0300] "GET /css/index.css HTTP/1.1" 200 4469
::1 - - [23/Jan/2020:20:49:46 +0300] "GET /php/creators.php HTTP/1.1" 200 4024
::1 - - [23/Jan/2020:20:49:46 +0300] "GET /css/index.css HTTP/1.1" 200 4468
::1 - - [23/Jan/2020:20:50:09 +0300] "GET /php/creators.php HTTP/1.1" 200 4024
::1 - - [23/Jan/2020:20:50:09 +0300] "GET /css/creators.css HTTP/1.1" 304 -
::1 - - [23/Jan/2020:20:50:09 +0300] "GET /css/index.css HTTP/1.1" 200 4501
::1 - - [23/Jan/2020:20:50:30 +0300] "GET /php/creators.php HTTP/1.1" 200 4024
::1 - - [23/Jan/2020:20:50:30 +0300] "GET /css/creators.css HTTP/1.1" 304 -
::1 - - [23/Jan/2020:20:50:30 +0300] "GET /css/index.css HTTP/1.1" 200 4534
::1 - - [23/Jan/2020:20:50:37 +0300] "GET /css/index.css HTTP/1.1" 304 -
::1 - - [23/Jan/2020:20:51:18 +0300] "GET /php/creators.php HTTP/1.1" 200 4024
::1 - - [23/Jan/2020:20:51:18 +0300] "GET /css/index.css HTTP/1.1" 304 -
::1 - - [23/Jan/2020:20:51:18 +0300] "GET /img/3.jpg HTTP/1.1" 304 -
::1 - - [23/Jan/2020:20:51:18 +0300] "GET /img/4.jpg HTTP/1.1" 304 -
::1 - - [23/Jan/2020:20:51:18 +0300] "GET /css/creators.css HTTP/1.1" 200 1821
::1 - - [23/Jan/2020:20:51:23 +0300] "GET /php/creators.php HTTP/1.1" 200 4024
::1 - - [23/Jan/2020:20:51:23 +0300] "GET /css/index.css HTTP/1.1" 304 -
::1 - - [23/Jan/2020:20:51:23 +0300] "GET /css/creators.css HTTP/1.1" 200 1821
::1 - - [23/Jan/2020:20:51:45 +0300] "GET /php/creators.php HTTP/1.1" 200 4024
::1 - - [23/Jan/2020:20:51:46 +0300] "GET /css/index.css HTTP/1.1" 304 -
::1 - - [23/Jan/2020:20:51:46 +0300] "GET /img/2.jpg HTTP/1.1" 304 -
::1 - - [23/Jan/2020:20:51:46 +0300] "GET /css/creators.css HTTP/1.1" 200 1837
::1 - - [23/Jan/2020:20:54:20 +0300] "GET /php/creators.php HTTP/1.1" 200 4164
::1 - - [23/Jan/2020:20:54:20 +0300] "GET /css/index.css HTTP/1.1" 304 -
::1 - - [23/Jan/2020:20:54:20 +0300] "GET /css/creators.css HTTP/1.1" 304 -
::1 - - [23/Jan/2020:20:54:20 +0300] "GET /img/2.jpg HTTP/1.1" 304 -
::1 - - [23/Jan/2020:20:55:24 +0300] "GET /php/creators.php HTTP/1.1" 200 4164
::1 - - [23/Jan/2020:20:55:24 +0300] "GET /css/creators.css HTTP/1.1" 304 -
::1 - - [23/Jan/2020:20:55:24 +0300] "GET /css/index.css HTTP/1.1" 200 4571
::1 - - [23/Jan/2020:20:55:49 +0300] "GET /php/creators.php HTTP/1.1" 200 4164
::1 - - [23/Jan/2020:20:55:49 +0300] "GET /css/creators.css HTTP/1.1" 304 -
::1 - - [23/Jan/2020:20:55:49 +0300] "GET /css/index.css HTTP/1.1" 200 4598
::1 - - [23/Jan/2020:20:56:37 +0300] "GET /index.html HTTP/1.1" 200 2059
::1 - - [23/Jan/2020:20:56:38 +0300] "GET /css/index.css HTTP/1.1" 200 4560
::1 - - [23/Jan/2020:20:56:38 +0300] "GET /css/mainPage.css HTTP/1.1" 304 -
127.0.0.1 - - [23/Jan/2020:20:58:01 +0300] "\x16\x03\x01\x02" 400 226
::1 - - [23/Jan/2020:20:58:18 +0300] "GET /php/creators.php HTTP/1.1" 200 4164
::1 - - [23/Jan/2020:20:58:18 +0300] "GET /css/creators.css HTTP/1.1" 304 -
::1 - - [23/Jan/2020:20:58:18 +0300] "GET /css/index.css HTTP/1.1" 304 -
::1 - - [23/Jan/2020:20:58:18 +0300] "GET /img/2.jpg HTTP/1.1" 304 -
::1 - - [23/Jan/2020:20:58:39 +0300] "GET /php/creators.php HTTP/1.1" 200 3588
::1 - - [23/Jan/2020:20:58:39 +0300] "GET /css/index.css HTTP/1.1" 304 -
::1 - - [23/Jan/2020:20:58:45 +0300] "GET /php/creators.php HTTP/1.1" 200 4164
::1 - - [23/Jan/2020:20:59:34 +0300] "GET /php/creators.php HTTP/1.1" 200 4746
::1 - - [23/Jan/2020:20:59:34 +0300] "GET /css/index.css HTTP/1.1" 304 -
::1 - - [23/Jan/2020:20:59:34 +0300] "GET /css/creators.css HTTP/1.1" 304 -
::1 - - [23/Jan/2020:20:59:34 +0300] "GET /img/5.jpg HTTP/1.1" 200 37193
::1 - - [23/Jan/2020:20:59:53 +0300] "GET /php/creators.php HTTP/1.1" 200 4641
::1 - - [23/Jan/2020:23:41:18 +0300] "GET /css/index.css HTTP/1.1" 304 -
::1 - - [23/Jan/2020:23:41:18 +0300] "GET /css/creators.css HTTP/1.1" 304 -
::1 - - [23/Jan/2020:23:41:18 +0300] "GET /img/1.jpg HTTP/1.1" 304 -
::1 - - [23/Jan/2020:23:41:18 +0300] "GET /img/3.jpg HTTP/1.1" 304 -
::1 - - [23/Jan/2020:23:41:18 +0300] "GET /img/2.jpg HTTP/1.1" 304 -
::1 - - [23/Jan/2020:23:41:18 +0300] "GET /img/4.jpg HTTP/1.1" 304 -
::1 - - [23/Jan/2020:23:41:18 +0300] "GET /favicon.ico HTTP/1.1" 404 196
127.0.0.1 - - [23/Jan/2020:23:41:52 +0300] "\x16\x03\x01\x02" 400 226
127.0.0.1 - - [23/Jan/2020:23:51:53 +0300] "\x16\x03\x01\x02" 400 226
::1 - - [23/Jan/2020:23:59:00 +0300] "GET /php/creators.php HTTP/1.1" 200 4164
::1 - - [23/Jan/2020:23:59:00 +0300] "GET /css/index.css HTTP/1.1" 304 -
::1 - - [23/Jan/2020:23:59:00 +0300] "GET /css/creators.css HTTP/1.1" 304 -
::1 - - [23/Jan/2020:23:59:01 +0300] "GET /php/creators.php HTTP/1.1" 200 4164
::1 - - [23/Jan/2020:23:59:22 +0300] "GET /php/creators.php HTTP/1.1" 200 4164
::1 - - [23/Jan/2020:23:59:23 +0300] "GET /php/creators.php HTTP/1.1" 200 4164
::1 - - [23/Jan/2020:23:59:24 +0300] "GET /index.html HTTP/1.1" 304 -
::1 - - [23/Jan/2020:23:59:24 +0300] "GET /css/mainPage.css HTTP/1.1" 304 -
::1 - - [23/Jan/2020:23:59:29 +0300] "GET /about.html HTTP/1.1" 304 -
::1 - - [23/Jan/2020:23:59:29 +0300] "GET /css/parallax.css HTTP/1.1" 304 -
::1 - - [23/Jan/2020:23:59:31 +0300] "GET /.hat HTTP/1.1" 404 196
::1 - - [23/Jan/2020:23:59:32 +0300] "GET /.hat HTTP/1.1" 404 196
::1 - - [24/Jan/2020:00:00:39 +0300] "GET /about.html HTTP/1.1" 200 1696
::1 - - [24/Jan/2020:00:00:40 +0300] "GET /.hat HTTP/1.1" 404 196
::1 - - [24/Jan/2020:00:00:41 +0300] "GET /.hat HTTP/1.1" 404 196
::1 - - [24/Jan/2020:00:01:04 +0300] "GET /about.html HTTP/1.1" 200 1684
::1 - - [24/Jan/2020:00:01:08 +0300] "GET /php/creators.php HTTP/1.1" 200 4164
::1 - - [24/Jan/2020:00:01:08 +0300] "GET /img/2.jpg HTTP/1.1" 304 -
::1 - - [24/Jan/2020:00:01:11 +0300] "GET /php/.hat HTTP/1.1" 404 196
::1 - - [24/Jan/2020:00:01:23 +0300] "GET /about.html HTTP/1.1" 304 -
127.0.0.1 - - [24/Jan/2020:00:01:53 +0300] "\x16\x03\x01\x02" 400 226
::1 - - [24/Jan/2020:00:03:54 +0300] "GET /index.html HTTP/1.1" 304 -
::1 - - [24/Jan/2020:00:04:08 +0300] "GET /index.html HTTP/1.1" 304 -
::1 - - [24/Jan/2020:00:04:27 +0300] "GET /index.html HTTP/1.1" 304 -
::1 - - [24/Jan/2020:00:05:49 +0300] "GET /index.html HTTP/1.1" 304 -
::1 - - [24/Jan/2020:00:06:56 +0300] "GET /index.html HTTP/1.1" 304 -
::1 - - [24/Jan/2020:00:07:01 +0300] "GET /index.html HTTP/1.1" 304 -
::1 - - [24/Jan/2020:00:07:09 +0300] "GET /index.html HTTP/1.1" 304 -
::1 - - [24/Jan/2020:00:07:11 +0300] "GET /about.html HTTP/1.1" 304 -
::1 - - [24/Jan/2020:00:07:12 +0300] "GET /php/creators.php HTTP/1.1" 200 4160
::1 - - [24/Jan/2020:00:10:12 +0300] "GET /index.html HTTP/1.1" 200 2059
::1 - - [24/Jan/2020:00:10:33 +0300] "GET /php/creators.php HTTP/1.1" 200 4160
::1 - - [24/Jan/2020:00:11:03 +0300] "GET /index.html HTTP/1.1" 304 -
127.0.0.1 - - [24/Jan/2020:00:11:53 +0300] "\x16\x03\x01\x02" 400 226
::1 - - [24/Jan/2020:00:14:21 +0300] "GET /php/creators.php HTTP/1.1" 200 4160
::1 - - [24/Jan/2020:00:15:39 +0300] "GET /php/creators.php HTTP/1.1" 200 4160
::1 - - [24/Jan/2020:00:15:44 +0300] "GET /php/creators.php HTTP/1.1" 200 4160
::1 - - [24/Jan/2020:00:15:48 +0300] "GET /about.html HTTP/1.1" 304 -
::1 - - [24/Jan/2020:00:15:50 +0300] "GET /index.html HTTP/1.1" 304 -
::1 - - [24/Jan/2020:00:16:18 +0300] "GET /index.html HTTP/1.1" 304 -
::1 - - [24/Jan/2020:00:17:16 +0300] "GET /index.html HTTP/1.1" 304 -
::1 - - [24/Jan/2020:00:17:22 +0300] "GET /index.html HTTP/1.1" 304 -
::1 - - [24/Jan/2020:00:17:22 +0300] "GET /css/index.css HTTP/1.1" 200 4561
::1 - - [24/Jan/2020:00:17:32 +0300] "GET /index.html HTTP/1.1" 304 -
::1 - - [24/Jan/2020:00:17:32 +0300] "GET /css/index.css HTTP/1.1" 200 4560
::1 - - [24/Jan/2020:00:17:52 +0300] "GET /php/creators.php HTTP/1.1" 200 4160
::1 - - [24/Jan/2020:00:17:52 +0300] "GET /css/creators.css HTTP/1.1" 200 1837
::1 - - [24/Jan/2020:00:17:52 +0300] "GET /css/index.css HTTP/1.1" 304 -
::1 - - [24/Jan/2020:00:18:04 +0300] "GET /php/creators.php HTTP/1.1" 200 4160
::1 - - [24/Jan/2020:00:18:04 +0300] "GET /css/index.css HTTP/1.1" 304 -
::1 - - [24/Jan/2020:00:18:04 +0300] "GET /css/creators.css HTTP/1.1" 200 1836
::1 - - [24/Jan/2020:00:18:10 +0300] "GET /php/creators.php HTTP/1.1" 200 4160
::1 - - [24/Jan/2020:00:18:10 +0300] "GET /css/index.css HTTP/1.1" 304 -
::1 - - [24/Jan/2020:00:18:10 +0300] "GET /css/creators.css HTTP/1.1" 200 1836
::1 - - [24/Jan/2020:00:18:19 +0300] "GET /php/creators.php HTTP/1.1" 200 4160
::1 - - [24/Jan/2020:00:18:19 +0300] "GET /css/index.css HTTP/1.1" 304 -
::1 - - [24/Jan/2020:00:18:19 +0300] "GET /css/creators.css HTTP/1.1" 200 1835
::1 - - [24/Jan/2020:08:03:52 +0300] "GET /img/1.jpg HTTP/1.1" 304 -
::1 - - [24/Jan/2020:08:03:52 +0300] "GET /css/index.css HTTP/1.1" 304 -
::1 - - [24/Jan/2020:08:03:52 +0300] "GET /css/creators.css HTTP/1.1" 200 1834
::1 - - [24/Jan/2020:08:03:52 +0300] "GET /img/2.jpg HTTP/1.1" 304 -
::1 - - [24/Jan/2020:08:03:52 +0300] "GET /img/3.jpg HTTP/1.1" 200 294355
::1 - - [24/Jan/2020:08:03:52 +0300] "GET /img/4.jpg HTTP/1.1" 200 562825
::1 - - [24/Jan/2020:08:03:53 +0300] "GET /favicon.ico HTTP/1.1" 404 196
::1 - - [24/Jan/2020:08:05:20 +0300] "GET /index.html HTTP/1.1" 304 -
::1 - - [24/Jan/2020:08:05:20 +0300] "GET /css/mainPage.css HTTP/1.1" 200 260
::1 - - [24/Jan/2020:08:05:23 +0300] "GET /php/creators.php HTTP/1.1" 200 4160
::1 - - [24/Jan/2020:08:05:51 +0300] "GET /about.html HTTP/1.1" 304 -
::1 - - [24/Jan/2020:08:05:51 +0300] "GET /css/parallax.css HTTP/1.1" 304 -
::1 - - [24/Jan/2020:08:05:53 +0300] "GET /php/creators.php HTTP/1.1" 200 4160
