PHP Warning:  PHP Startup: Unable to load dynamic library 'mysqli' (tried: ext\\mysqli (\xd0\x9d\xd0\xb5 \xd0\xbd\xd0\xb0\xd0\xb9\xd0\xb4\xd0\xb5\xd0\xbd \xd1\x83\xd0\xba\xd0\xb0\xd0\xb7\xd0\xb0\xd0\xbd\xd0\xbd\xd1\x8b\xd0\xb9 \xd0\xbc\xd0\xbe\xd0\xb4\xd1\x83\xd0\xbb\xd1\x8c.), ext\\php_mysqli.dll (\xd0\x9d\xd0\xb5 \xd0\xbd\xd0\xb0\xd0\xb9\xd0\xb4\xd0\xb5\xd0\xbd \xd1\x83\xd0\xba\xd0\xb0\xd0\xb7\xd0\xb0\xd0\xbd\xd0\xbd\xd1\x8b\xd0\xb9 \xd0\xbc\xd0\xbe\xd0\xb4\xd1\x83\xd0\xbb\xd1\x8c.)) in Unknown on line 0
[Wed Jan 22 15:32:37.937235 2020] [mpm_winnt:notice] [pid 7164:tid 712] AH00455: Apache/2.4.41 (Win64) PHP/7.4.2 configured -- resuming normal operations
[Wed Jan 22 15:32:37.937235 2020] [mpm_winnt:notice] [pid 7164:tid 712] AH00456: Apache Lounge VS16 Server built: Aug  9 2019 16:46:32
[Wed Jan 22 15:32:37.937235 2020] [core:notice] [pid 7164:tid 712] AH00094: Command line: 'C:\\Apache24\\bin\\httpd.exe -d C:/Apache24'
[Wed Jan 22 15:32:37.943240 2020] [mpm_winnt:notice] [pid 7164:tid 712] AH00418: Parent: Created child process 4464
PHP Warning:  PHP Startup: Unable to load dynamic library 'mysqli' (tried: ext\\mysqli (\xd0\x9d\xd0\xb5 \xd0\xbd\xd0\xb0\xd0\xb9\xd0\xb4\xd0\xb5\xd0\xbd \xd1\x83\xd0\xba\xd0\xb0\xd0\xb7\xd0\xb0\xd0\xbd\xd0\xbd\xd1\x8b\xd0\xb9 \xd0\xbc\xd0\xbe\xd0\xb4\xd1\x83\xd0\xbb\xd1\x8c.), ext\\php_mysqli.dll (\xd0\x9d\xd0\xb5 \xd0\xbd\xd0\xb0\xd0\xb9\xd0\xb4\xd0\xb5\xd0\xbd \xd1\x83\xd0\xba\xd0\xb0\xd0\xb7\xd0\xb0\xd0\xbd\xd0\xbd\xd1\x8b\xd0\xb9 \xd0\xbc\xd0\xbe\xd0\xb4\xd1\x83\xd0\xbb\xd1\x8c.)) in Unknown on line 0
[Wed Jan 22 15:32:38.244235 2020] [mpm_winnt:notice] [pid 4464:tid 672] AH00354: Child: Starting 64 worker threads.
[Wed Jan 22 15:49:52.958173 2020] [php7:notice] [pid 4464:tid 1172] [client ::1:53141] PHP Notice:  Undefined index: secondname in C:\\localhost\\display.php on line 10, referer: http://localhost:8080/
[Wed Jan 22 16:37:15.186061 2020] [php7:error] [pid 4464:tid 1172] [client ::1:54482] PHP Parse error:  syntax error, unexpected 'var' (T_VAR), expecting ';' in C:\\localhost\\display.php on line 11, referer: http://localhost:8080/
[Wed Jan 22 16:37:54.298485 2020] [php7:error] [pid 4464:tid 1180] [client ::1:54555] PHP Parse error:  syntax error, unexpected '<', expecting end of file in C:\\localhost\\display.php on line 14, referer: http://localhost:8080/
[Wed Jan 22 16:37:58.252334 2020] [php7:error] [pid 4464:tid 1180] [client ::1:54555] PHP Parse error:  syntax error, unexpected '<', expecting end of file in C:\\localhost\\display.php on line 14, referer: http://localhost:8080/
[Wed Jan 22 16:54:01.629214 2020] [php7:error] [pid 4464:tid 1172] [client ::1:54912] PHP Parse error:  syntax error, unexpected '++' (T_INC), expecting ')' in C:\\localhost\\display.php on line 15, referer: http://localhost:8080/
[Wed Jan 22 17:13:23.821270 2020] [php7:error] [pid 4464:tid 1172] [client ::1:55167] PHP Parse error:  syntax error, unexpected '$items' (T_VARIABLE), expecting '(' in C:\\localhost\\display.php on line 20, referer: http://localhost:8080/
[Wed Jan 22 17:13:35.986571 2020] [php7:error] [pid 4464:tid 1172] [client ::1:55198] PHP Parse error:  syntax error, unexpected '}', expecting ';' or ',' in C:\\localhost\\display.php on line 23, referer: http://localhost:8080/
[Wed Jan 22 21:17:49.188191 2020] [mpm_winnt:notice] [pid 7164:tid 712] AH00424: Parent: Received restart signal -- Restarting the server.
PHP Warning:  PHP Startup: Unable to load dynamic library 'mysqli' (tried: ext\\mysqli (\xd0\x9d\xd0\xb5 \xd0\xbd\xd0\xb0\xd0\xb9\xd0\xb4\xd0\xb5\xd0\xbd \xd1\x83\xd0\xba\xd0\xb0\xd0\xb7\xd0\xb0\xd0\xbd\xd0\xbd\xd1\x8b\xd0\xb9 \xd0\xbc\xd0\xbe\xd0\xb4\xd1\x83\xd0\xbb\xd1\x8c.), ext\\php_mysqli.dll (\xd0\x9d\xd0\xb5 \xd0\xbd\xd0\xb0\xd0\xb9\xd0\xb4\xd0\xb5\xd0\xbd \xd1\x83\xd0\xba\xd0\xb0\xd0\xb7\xd0\xb0\xd0\xbd\xd0\xbd\xd1\x8b\xd0\xb9 \xd0\xbc\xd0\xbe\xd0\xb4\xd1\x83\xd0\xbb\xd1\x8c.)) in Unknown on line 0
[Wed Jan 22 21:17:49.220980 2020] [mpm_winnt:notice] [pid 7164:tid 712] AH00455: Apache/2.4.41 (Win64) PHP/7.4.2 configured -- resuming normal operations
[Wed Jan 22 21:17:49.220980 2020] [mpm_winnt:notice] [pid 7164:tid 712] AH00456: Apache Lounge VS16 Server built: Aug  9 2019 16:46:32
[Wed Jan 22 21:17:49.220980 2020] [core:notice] [pid 7164:tid 712] AH00094: Command line: 'C:\\Apache24\\bin\\httpd.exe -d C:/Apache24'
[Wed Jan 22 21:17:49.227984 2020] [mpm_winnt:notice] [pid 7164:tid 712] AH00418: Parent: Created child process 14928
PHP Warning:  PHP Startup: Unable to load dynamic library 'mysqli' (tried: ext\\mysqli (\xd0\x9d\xd0\xb5 \xd0\xbd\xd0\xb0\xd0\xb9\xd0\xb4\xd0\xb5\xd0\xbd \xd1\x83\xd0\xba\xd0\xb0\xd0\xb7\xd0\xb0\xd0\xbd\xd0\xbd\xd1\x8b\xd0\xb9 \xd0\xbc\xd0\xbe\xd0\xb4\xd1\x83\xd0\xbb\xd1\x8c.), ext\\php_mysqli.dll (\xd0\x9d\xd0\xb5 \xd0\xbd\xd0\xb0\xd0\xb9\xd0\xb4\xd0\xb5\xd0\xbd \xd1\x83\xd0\xba\xd0\xb0\xd0\xb7\xd0\xb0\xd0\xbd\xd0\xbd\xd1\x8b\xd0\xb9 \xd0\xbc\xd0\xbe\xd0\xb4\xd1\x83\xd0\xbb\xd1\x8c.)) in Unknown on line 0
[Wed Jan 22 21:17:50.190036 2020] [mpm_winnt:notice] [pid 14928:tid 612] AH00354: Child: Starting 64 worker threads.
[Wed Jan 22 21:17:51.190760 2020] [mpm_winnt:notice] [pid 4464:tid 672] AH00364: Child: All worker threads have exited.
[Wed Jan 22 21:20:26.883616 2020] [mpm_winnt:notice] [pid 7164:tid 712] AH00422: Parent: Received shutdown signal -- Shutting down the server.
[Wed Jan 22 21:20:28.885210 2020] [mpm_winnt:notice] [pid 14928:tid 612] AH00364: Child: All worker threads have exited.
[Wed Jan 22 21:20:28.901440 2020] [mpm_winnt:notice] [pid 7164:tid 712] AH00430: Parent: Child process 14928 exited successfully.
PHP Warning:  PHP Startup: Unable to load dynamic library 'mysqli' (tried: ext\\mysqli (\xd0\x9d\xd0\xb5 \xd0\xbd\xd0\xb0\xd0\xb9\xd0\xb4\xd0\xb5\xd0\xbd \xd1\x83\xd0\xba\xd0\xb0\xd0\xb7\xd0\xb0\xd0\xbd\xd0\xbd\xd1\x8b\xd0\xb9 \xd0\xbc\xd0\xbe\xd0\xb4\xd1\x83\xd0\xbb\xd1\x8c.), ext\\php_mysqli.dll (\xd0\x9d\xd0\xb5 \xd0\xbd\xd0\xb0\xd0\xb9\xd0\xb4\xd0\xb5\xd0\xbd \xd1\x83\xd0\xba\xd0\xb0\xd0\xb7\xd0\xb0\xd0\xbd\xd0\xbd\xd1\x8b\xd0\xb9 \xd0\xbc\xd0\xbe\xd0\xb4\xd1\x83\xd0\xbb\xd1\x8c.)) in Unknown on line 0
[Wed Jan 22 21:20:41.399430 2020] [mpm_winnt:notice] [pid 2764:tid 708] AH00455: Apache/2.4.41 (Win64) PHP/7.4.2 configured -- resuming normal operations
[Wed Jan 22 21:20:41.399430 2020] [mpm_winnt:notice] [pid 2764:tid 708] AH00456: Apache Lounge VS16 Server built: Aug  9 2019 16:46:32
[Wed Jan 22 21:20:41.399430 2020] [core:notice] [pid 2764:tid 708] AH00094: Command line: 'C:\\Apache24\\bin\\httpd.exe -d C:/Apache24'
[Wed Jan 22 21:20:41.405431 2020] [mpm_winnt:notice] [pid 2764:tid 708] AH00418: Parent: Created child process 11892
PHP Warning:  PHP Startup: Unable to load dynamic library 'mysqli' (tried: ext\\mysqli (\xd0\x9d\xd0\xb5 \xd0\xbd\xd0\xb0\xd0\xb9\xd0\xb4\xd0\xb5\xd0\xbd \xd1\x83\xd0\xba\xd0\xb0\xd0\xb7\xd0\xb0\xd0\xbd\xd0\xbd\xd1\x8b\xd0\xb9 \xd0\xbc\xd0\xbe\xd0\xb4\xd1\x83\xd0\xbb\xd1\x8c.), ext\\php_mysqli.dll (\xd0\x9d\xd0\xb5 \xd0\xbd\xd0\xb0\xd0\xb9\xd0\xb4\xd0\xb5\xd0\xbd \xd1\x83\xd0\xba\xd0\xb0\xd0\xb7\xd0\xb0\xd0\xbd\xd0\xbd\xd1\x8b\xd0\xb9 \xd0\xbc\xd0\xbe\xd0\xb4\xd1\x83\xd0\xbb\xd1\x8c.)) in Unknown on line 0
[Wed Jan 22 21:20:41.728854 2020] [mpm_winnt:notice] [pid 11892:tid 668] AH00354: Child: Starting 64 worker threads.
[Thu Jan 23 00:42:31.510623 2020] [mpm_winnt:notice] [pid 2764:tid 708] AH00422: Parent: Received shutdown signal -- Shutting down the server.
[Thu Jan 23 00:42:33.526464 2020] [mpm_winnt:notice] [pid 11892:tid 668] AH00364: Child: All worker threads have exited.
[Thu Jan 23 00:42:34.041877 2020] [mpm_winnt:notice] [pid 2764:tid 708] AH00430: Parent: Child process 11892 exited successfully.
PHP Warning:  PHP Startup: Unable to load dynamic library 'mysqli' (tried: ext\\mysqli (\xd0\x9d\xd0\xb5 \xd0\xbd\xd0\xb0\xd0\xb9\xd0\xb4\xd0\xb5\xd0\xbd \xd1\x83\xd0\xba\xd0\xb0\xd0\xb7\xd0\xb0\xd0\xbd\xd0\xbd\xd1\x8b\xd0\xb9 \xd0\xbc\xd0\xbe\xd0\xb4\xd1\x83\xd0\xbb\xd1\x8c.), ext\\php_mysqli.dll (\xd0\x9d\xd0\xb5 \xd0\xbd\xd0\xb0\xd0\xb9\xd0\xb4\xd0\xb5\xd0\xbd \xd1\x83\xd0\xba\xd0\xb0\xd0\xb7\xd0\xb0\xd0\xbd\xd0\xbd\xd1\x8b\xd0\xb9 \xd0\xbc\xd0\xbe\xd0\xb4\xd1\x83\xd0\xbb\xd1\x8c.)) in Unknown on line 0
[Thu Jan 23 08:01:34.338743 2020] [mpm_winnt:notice] [pid 4048:tid 704] AH00455: Apache/2.4.41 (Win64) PHP/7.4.2 configured -- resuming normal operations
[Thu Jan 23 08:01:34.338743 2020] [mpm_winnt:notice] [pid 4048:tid 704] AH00456: Apache Lounge VS16 Server built: Aug  9 2019 16:46:32
[Thu Jan 23 08:01:34.338743 2020] [core:notice] [pid 4048:tid 704] AH00094: Command line: 'C:\\Apache24\\bin\\httpd.exe -d C:/Apache24'
[Thu Jan 23 08:01:34.338743 2020] [mpm_winnt:notice] [pid 4048:tid 704] AH00418: Parent: Created child process 5712
PHP Warning:  PHP Startup: Unable to load dynamic library 'mysqli' (tried: ext\\mysqli (\xd0\x9d\xd0\xb5 \xd0\xbd\xd0\xb0\xd0\xb9\xd0\xb4\xd0\xb5\xd0\xbd \xd1\x83\xd0\xba\xd0\xb0\xd0\xb7\xd0\xb0\xd0\xbd\xd0\xbd\xd1\x8b\xd0\xb9 \xd0\xbc\xd0\xbe\xd0\xb4\xd1\x83\xd0\xbb\xd1\x8c.), ext\\php_mysqli.dll (\xd0\x9d\xd0\xb5 \xd0\xbd\xd0\xb0\xd0\xb9\xd0\xb4\xd0\xb5\xd0\xbd \xd1\x83\xd0\xba\xd0\xb0\xd0\xb7\xd0\xb0\xd0\xbd\xd0\xbd\xd1\x8b\xd0\xb9 \xd0\xbc\xd0\xbe\xd0\xb4\xd1\x83\xd0\xbb\xd1\x8c.)) in Unknown on line 0
[Thu Jan 23 08:01:34.979364 2020] [mpm_winnt:notice] [pid 5712:tid 660] AH00354: Child: Starting 64 worker threads.
[Thu Jan 23 10:24:02.585470 2020] [mpm_winnt:notice] [pid 4048:tid 704] AH00422: Parent: Received shutdown signal -- Shutting down the server.
[Thu Jan 23 10:24:05.693143 2020] [mpm_winnt:notice] [pid 5712:tid 660] AH00364: Child: All worker threads have exited.
[Thu Jan 23 10:24:07.130829 2020] [mpm_winnt:notice] [pid 4048:tid 704] AH00430: Parent: Child process 5712 exited successfully.
PHP Warning:  PHP Startup: Unable to load dynamic library 'mysqli' (tried: ext\\mysqli (\xd0\x9d\xd0\xb5 \xd0\xbd\xd0\xb0\xd0\xb9\xd0\xb4\xd0\xb5\xd0\xbd \xd1\x83\xd0\xba\xd0\xb0\xd0\xb7\xd0\xb0\xd0\xbd\xd0\xbd\xd1\x8b\xd0\xb9 \xd0\xbc\xd0\xbe\xd0\xb4\xd1\x83\xd0\xbb\xd1\x8c.), ext\\php_mysqli.dll (\xd0\x9d\xd0\xb5 \xd0\xbd\xd0\xb0\xd0\xb9\xd0\xb4\xd0\xb5\xd0\xbd \xd1\x83\xd0\xba\xd0\xb0\xd0\xb7\xd0\xb0\xd0\xbd\xd0\xbd\xd1\x8b\xd0\xb9 \xd0\xbc\xd0\xbe\xd0\xb4\xd1\x83\xd0\xbb\xd1\x8c.)) in Unknown on line 0
[Thu Jan 23 10:24:20.058860 2020] [mpm_winnt:notice] [pid 10984:tid 640] AH00455: Apache/2.4.41 (Win64) PHP/7.4.2 configured -- resuming normal operations
[Thu Jan 23 10:24:20.058860 2020] [mpm_winnt:notice] [pid 10984:tid 640] AH00456: Apache Lounge VS16 Server built: Aug  9 2019 16:46:32
[Thu Jan 23 10:24:20.058860 2020] [core:notice] [pid 10984:tid 640] AH00094: Command line: 'C:\\Apache24\\bin\\httpd.exe -d C:/Apache24'
[Thu Jan 23 10:24:20.066861 2020] [mpm_winnt:notice] [pid 10984:tid 640] AH00418: Parent: Created child process 956
PHP Warning:  PHP Startup: Unable to load dynamic library 'mysqli' (tried: ext\\mysqli (\xd0\x9d\xd0\xb5 \xd0\xbd\xd0\xb0\xd0\xb9\xd0\xb4\xd0\xb5\xd0\xbd \xd1\x83\xd0\xba\xd0\xb0\xd0\xb7\xd0\xb0\xd0\xbd\xd0\xbd\xd1\x8b\xd0\xb9 \xd0\xbc\xd0\xbe\xd0\xb4\xd1\x83\xd0\xbb\xd1\x8c.), ext\\php_mysqli.dll (\xd0\x9d\xd0\xb5 \xd0\xbd\xd0\xb0\xd0\xb9\xd0\xb4\xd0\xb5\xd0\xbd \xd1\x83\xd0\xba\xd0\xb0\xd0\xb7\xd0\xb0\xd0\xbd\xd0\xbd\xd1\x8b\xd0\xb9 \xd0\xbc\xd0\xbe\xd0\xb4\xd1\x83\xd0\xbb\xd1\x8c.)) in Unknown on line 0
[Thu Jan 23 10:24:20.419915 2020] [mpm_winnt:notice] [pid 956:tid 696] AH00354: Child: Starting 64 worker threads.
[Thu Jan 23 10:34:09.165934 2020] [mpm_winnt:notice] [pid 10984:tid 640] AH00422: Parent: Received shutdown signal -- Shutting down the server.
[Thu Jan 23 10:34:11.182005 2020] [mpm_winnt:notice] [pid 956:tid 696] AH00364: Child: All worker threads have exited.
[Thu Jan 23 10:34:11.478494 2020] [mpm_winnt:notice] [pid 10984:tid 640] AH00430: Parent: Child process 956 exited successfully.
PHP Warning:  PHP Startup: Unable to load dynamic library 'mysqli' (tried: ext\\mysqli (\xd0\x9d\xd0\xb5 \xd0\xbd\xd0\xb0\xd0\xb9\xd0\xb4\xd0\xb5\xd0\xbd \xd1\x83\xd0\xba\xd0\xb0\xd0\xb7\xd0\xb0\xd0\xbd\xd0\xbd\xd1\x8b\xd0\xb9 \xd0\xbc\xd0\xbe\xd0\xb4\xd1\x83\xd0\xbb\xd1\x8c.), ext\\php_mysqli.dll (\xd0\x9d\xd0\xb5 \xd0\xbd\xd0\xb0\xd0\xb9\xd0\xb4\xd0\xb5\xd0\xbd \xd1\x83\xd0\xba\xd0\xb0\xd0\xb7\xd0\xb0\xd0\xbd\xd0\xbd\xd1\x8b\xd0\xb9 \xd0\xbc\xd0\xbe\xd0\xb4\xd1\x83\xd0\xbb\xd1\x8c.)) in Unknown on line 0
[Thu Jan 23 18:03:15.439553 2020] [mpm_winnt:notice] [pid 3792:tid 764] AH00455: Apache/2.4.41 (Win64) PHP/7.4.2 configured -- resuming normal operations
[Thu Jan 23 18:03:15.439553 2020] [mpm_winnt:notice] [pid 3792:tid 764] AH00456: Apache Lounge VS16 Server built: Aug  9 2019 16:46:32
[Thu Jan 23 18:03:15.439553 2020] [core:notice] [pid 3792:tid 764] AH00094: Command line: 'C:\\Apache24\\bin\\httpd.exe -d C:/Apache24'
[Thu Jan 23 18:03:15.439553 2020] [mpm_winnt:notice] [pid 3792:tid 764] AH00418: Parent: Created child process 5436
PHP Warning:  PHP Startup: Unable to load dynamic library 'mysqli' (tried: ext\\mysqli (\xd0\x9d\xd0\xb5 \xd0\xbd\xd0\xb0\xd0\xb9\xd0\xb4\xd0\xb5\xd0\xbd \xd1\x83\xd0\xba\xd0\xb0\xd0\xb7\xd0\xb0\xd0\xbd\xd0\xbd\xd1\x8b\xd0\xb9 \xd0\xbc\xd0\xbe\xd0\xb4\xd1\x83\xd0\xbb\xd1\x8c.), ext\\php_mysqli.dll (\xd0\x9d\xd0\xb5 \xd0\xbd\xd0\xb0\xd0\xb9\xd0\xb4\xd0\xb5\xd0\xbd \xd1\x83\xd0\xba\xd0\xb0\xd0\xb7\xd0\xb0\xd0\xbd\xd0\xbd\xd1\x8b\xd0\xb9 \xd0\xbc\xd0\xbe\xd0\xb4\xd1\x83\xd0\xbb\xd1\x8c.)) in Unknown on line 0
[Thu Jan 23 18:03:16.142665 2020] [mpm_winnt:notice] [pid 5436:tid 716] AH00354: Child: Starting 64 worker threads.
[Thu Jan 23 18:45:35.979009 2020] [mpm_winnt:notice] [pid 3792:tid 764] AH00422: Parent: Received shutdown signal -- Shutting down the server.
[Thu Jan 23 18:45:37.995632 2020] [mpm_winnt:notice] [pid 5436:tid 716] AH00364: Child: All worker threads have exited.
[Thu Jan 23 18:45:39.374303 2020] [mpm_winnt:notice] [pid 3792:tid 764] AH00430: Parent: Child process 5436 exited successfully.
PHP Warning:  PHP Startup: Unable to load dynamic library 'mysqli' (tried: ext\\mysqli (\xd0\x9d\xd0\xb5 \xd0\xbd\xd0\xb0\xd0\xb9\xd0\xb4\xd0\xb5\xd0\xbd \xd1\x83\xd0\xba\xd0\xb0\xd0\xb7\xd0\xb0\xd0\xbd\xd0\xbd\xd1\x8b\xd0\xb9 \xd0\xbc\xd0\xbe\xd0\xb4\xd1\x83\xd0\xbb\xd1\x8c.), ext\\php_mysqli.dll (\xd0\x9d\xd0\xb5 \xd0\xbd\xd0\xb0\xd0\xb9\xd0\xb4\xd0\xb5\xd0\xbd \xd1\x83\xd0\xba\xd0\xb0\xd0\xb7\xd0\xb0\xd0\xbd\xd0\xbd\xd1\x8b\xd0\xb9 \xd0\xbc\xd0\xbe\xd0\xb4\xd1\x83\xd0\xbb\xd1\x8c.)) in Unknown on line 0
[Thu Jan 23 18:46:00.305138 2020] [mpm_winnt:notice] [pid 5520:tid 700] AH00455: Apache/2.4.41 (Win64) PHP/7.4.2 configured -- resuming normal operations
[Thu Jan 23 18:46:00.305138 2020] [mpm_winnt:notice] [pid 5520:tid 700] AH00456: Apache Lounge VS16 Server built: Aug  9 2019 16:46:32
[Thu Jan 23 18:46:00.305138 2020] [core:notice] [pid 5520:tid 700] AH00094: Command line: 'C:\\Apache24\\bin\\httpd.exe -d C:/Apache24'
[Thu Jan 23 18:46:00.320763 2020] [mpm_winnt:notice] [pid 5520:tid 700] AH00418: Parent: Created child process 2612
PHP Warning:  PHP Startup: Unable to load dynamic library 'mysqli' (tried: ext\\mysqli (\xd0\x9d\xd0\xb5 \xd0\xbd\xd0\xb0\xd0\xb9\xd0\xb4\xd0\xb5\xd0\xbd \xd1\x83\xd0\xba\xd0\xb0\xd0\xb7\xd0\xb0\xd0\xbd\xd0\xbd\xd1\x8b\xd0\xb9 \xd0\xbc\xd0\xbe\xd0\xb4\xd1\x83\xd0\xbb\xd1\x8c.), ext\\php_mysqli.dll (\xd0\x9d\xd0\xb5 \xd0\xbd\xd0\xb0\xd0\xb9\xd0\xb4\xd0\xb5\xd0\xbd \xd1\x83\xd0\xba\xd0\xb0\xd0\xb7\xd0\xb0\xd0\xbd\xd0\xbd\xd1\x8b\xd0\xb9 \xd0\xbc\xd0\xbe\xd0\xb4\xd1\x83\xd0\xbb\xd1\x8c.)) in Unknown on line 0
[Thu Jan 23 18:46:00.753224 2020] [mpm_winnt:notice] [pid 2612:tid 656] AH00354: Child: Starting 64 worker threads.
[Thu Jan 23 19:04:07.839379 2020] [mpm_winnt:notice] [pid 5520:tid 700] AH00422: Parent: Received shutdown signal -- Shutting down the server.
[Thu Jan 23 19:04:09.861885 2020] [mpm_winnt:notice] [pid 2612:tid 656] AH00364: Child: All worker threads have exited.
[Thu Jan 23 19:04:11.407330 2020] [mpm_winnt:notice] [pid 5520:tid 700] AH00430: Parent: Child process 2612 exited successfully.
PHP Warning:  PHP Startup: Unable to load dynamic library 'mysqli' (tried: ext\\mysqli (\xd0\x9d\xd0\xb5 \xd0\xbd\xd0\xb0\xd0\xb9\xd0\xb4\xd0\xb5\xd0\xbd \xd1\x83\xd0\xba\xd0\xb0\xd0\xb7\xd0\xb0\xd0\xbd\xd0\xbd\xd1\x8b\xd0\xb9 \xd0\xbc\xd0\xbe\xd0\xb4\xd1\x83\xd0\xbb\xd1\x8c.), ext\\php_mysqli.dll (\xd0\x9d\xd0\xb5 \xd0\xbd\xd0\xb0\xd0\xb9\xd0\xb4\xd0\xb5\xd0\xbd \xd1\x83\xd0\xba\xd0\xb0\xd0\xb7\xd0\xb0\xd0\xbd\xd0\xbd\xd1\x8b\xd0\xb9 \xd0\xbc\xd0\xbe\xd0\xb4\xd1\x83\xd0\xbb\xd1\x8c.)) in Unknown on line 0
[Thu Jan 23 19:04:27.657963 2020] [mpm_winnt:notice] [pid 8116:tid 684] AH00455: Apache/2.4.41 (Win64) PHP/7.4.2 configured -- resuming normal operations
[Thu Jan 23 19:04:27.657963 2020] [mpm_winnt:notice] [pid 8116:tid 684] AH00456: Apache Lounge VS16 Server built: Aug  9 2019 16:46:32
[Thu Jan 23 19:04:27.657963 2020] [core:notice] [pid 8116:tid 684] AH00094: Command line: 'C:\\Apache24\\bin\\httpd.exe -d C:/Apache24'
[Thu Jan 23 19:04:27.665976 2020] [mpm_winnt:notice] [pid 8116:tid 684] AH00418: Parent: Created child process 9856
PHP Warning:  PHP Startup: Unable to load dynamic library 'mysqli' (tried: ext\\mysqli (\xd0\x9d\xd0\xb5 \xd0\xbd\xd0\xb0\xd0\xb9\xd0\xb4\xd0\xb5\xd0\xbd \xd1\x83\xd0\xba\xd0\xb0\xd0\xb7\xd0\xb0\xd0\xbd\xd0\xbd\xd1\x8b\xd0\xb9 \xd0\xbc\xd0\xbe\xd0\xb4\xd1\x83\xd0\xbb\xd1\x8c.), ext\\php_mysqli.dll (\xd0\x9d\xd0\xb5 \xd0\xbd\xd0\xb0\xd0\xb9\xd0\xb4\xd0\xb5\xd0\xbd \xd1\x83\xd0\xba\xd0\xb0\xd0\xb7\xd0\xb0\xd0\xbd\xd0\xbd\xd1\x8b\xd0\xb9 \xd0\xbc\xd0\xbe\xd0\xb4\xd1\x83\xd0\xbb\xd1\x8c.)) in Unknown on line 0
[Thu Jan 23 19:04:28.013955 2020] [mpm_winnt:notice] [pid 9856:tid 688] AH00354: Child: Starting 64 worker threads.
[Thu Jan 23 20:59:34.166543 2020] [php7:notice] [pid 9856:tid 1184] [client ::1:56310] PHP Notice:  Undefined offset: 5 in C:\\localhost\\php\\creators.php on line 57, referer: http://localhost:8080/index.php
[Thu Jan 23 23:59:10.269117 2020] [mpm_winnt:notice] [pid 8116:tid 684] AH00424: Parent: Received restart signal -- Restarting the server.
PHP Warning:  PHP Startup: Unable to load dynamic library 'mysqli' (tried: ext\\mysqli (\xd0\x9d\xd0\xb5 \xd0\xbd\xd0\xb0\xd0\xb9\xd0\xb4\xd0\xb5\xd0\xbd \xd1\x83\xd0\xba\xd0\xb0\xd0\xb7\xd0\xb0\xd0\xbd\xd0\xbd\xd1\x8b\xd0\xb9 \xd0\xbc\xd0\xbe\xd0\xb4\xd1\x83\xd0\xbb\xd1\x8c.), ext\\php_mysqli.dll (\xd0\x9d\xd0\xb5 \xd0\xbd\xd0\xb0\xd0\xb9\xd0\xb4\xd0\xb5\xd0\xbd \xd1\x83\xd0\xba\xd0\xb0\xd0\xb7\xd0\xb0\xd0\xbd\xd0\xbd\xd1\x8b\xd0\xb9 \xd0\xbc\xd0\xbe\xd0\xb4\xd1\x83\xd0\xbb\xd1\x8c.)) in Unknown on line 0
[Thu Jan 23 23:59:10.301099 2020] [mpm_winnt:notice] [pid 8116:tid 684] AH00455: Apache/2.4.41 (Win64) PHP/7.4.2 configured -- resuming normal operations
[Thu Jan 23 23:59:10.301099 2020] [mpm_winnt:notice] [pid 8116:tid 684] AH00456: Apache Lounge VS16 Server built: Aug  9 2019 16:46:32
[Thu Jan 23 23:59:10.301099 2020] [core:notice] [pid 8116:tid 684] AH00094: Command line: 'C:\\Apache24\\bin\\httpd.exe -d C:/Apache24'
[Thu Jan 23 23:59:10.315102 2020] [mpm_winnt:notice] [pid 8116:tid 684] AH00418: Parent: Created child process 6452
PHP Warning:  PHP Startup: Unable to load dynamic library 'mysqli' (tried: ext\\mysqli (\xd0\x9d\xd0\xb5 \xd0\xbd\xd0\xb0\xd0\xb9\xd0\xb4\xd0\xb5\xd0\xbd \xd1\x83\xd0\xba\xd0\xb0\xd0\xb7\xd0\xb0\xd0\xbd\xd0\xbd\xd1\x8b\xd0\xb9 \xd0\xbc\xd0\xbe\xd0\xb4\xd1\x83\xd0\xbb\xd1\x8c.), ext\\php_mysqli.dll (\xd0\x9d\xd0\xb5 \xd0\xbd\xd0\xb0\xd0\xb9\xd0\xb4\xd0\xb5\xd0\xbd \xd1\x83\xd0\xba\xd0\xb0\xd0\xb7\xd0\xb0\xd0\xbd\xd0\xbd\xd1\x8b\xd0\xb9 \xd0\xbc\xd0\xbe\xd0\xb4\xd1\x83\xd0\xbb\xd1\x8c.)) in Unknown on line 0
[Thu Jan 23 23:59:11.271017 2020] [mpm_winnt:notice] [pid 6452:tid 660] AH00354: Child: Starting 64 worker threads.
[Thu Jan 23 23:59:12.271156 2020] [mpm_winnt:notice] [pid 9856:tid 688] AH00364: Child: All worker threads have exited.
[Fri Jan 24 00:04:39.021576 2020] [mpm_winnt:notice] [pid 8116:tid 684] AH00422: Parent: Received shutdown signal -- Shutting down the server.
[Fri Jan 24 00:04:57.292833 2020] [mpm_winnt:notice] [pid 6452:tid 660] AH00364: Child: All worker threads have exited.
[Fri Jan 24 00:04:58.956398 2020] [mpm_winnt:notice] [pid 8116:tid 684] AH00430: Parent: Child process 6452 exited successfully.
PHP Warning:  PHP Startup: Unable to load dynamic library 'mysqli' (tried: ext\\mysqli (\xd0\x9d\xd0\xb5 \xd0\xbd\xd0\xb0\xd0\xb9\xd0\xb4\xd0\xb5\xd0\xbd \xd1\x83\xd0\xba\xd0\xb0\xd0\xb7\xd0\xb0\xd0\xbd\xd0\xbd\xd1\x8b\xd0\xb9 \xd0\xbc\xd0\xbe\xd0\xb4\xd1\x83\xd0\xbb\xd1\x8c.), ext\\php_mysqli.dll (\xd0\x9d\xd0\xb5 \xd0\xbd\xd0\xb0\xd0\xb9\xd0\xb4\xd0\xb5\xd0\xbd \xd1\x83\xd0\xba\xd0\xb0\xd0\xb7\xd0\xb0\xd0\xbd\xd0\xbd\xd1\x8b\xd0\xb9 \xd0\xbc\xd0\xbe\xd0\xb4\xd1\x83\xd0\xbb\xd1\x8c.)) in Unknown on line 0
[Fri Jan 24 00:05:24.770478 2020] [mpm_winnt:notice] [pid 7368:tid 704] AH00455: Apache/2.4.41 (Win64) PHP/7.4.2 configured -- resuming normal operations
[Fri Jan 24 00:05:24.770478 2020] [mpm_winnt:notice] [pid 7368:tid 704] AH00456: Apache Lounge VS16 Server built: Aug  9 2019 16:46:32
[Fri Jan 24 00:05:24.770478 2020] [core:notice] [pid 7368:tid 704] AH00094: Command line: 'C:\\Apache24\\bin\\httpd.exe -d C:/Apache24'
[Fri Jan 24 00:05:24.776484 2020] [mpm_winnt:notice] [pid 7368:tid 704] AH00418: Parent: Created child process 9900
PHP Warning:  PHP Startup: Unable to load dynamic library 'mysqli' (tried: ext\\mysqli (\xd0\x9d\xd0\xb5 \xd0\xbd\xd0\xb0\xd0\xb9\xd0\xb4\xd0\xb5\xd0\xbd \xd1\x83\xd0\xba\xd0\xb0\xd0\xb7\xd0\xb0\xd0\xbd\xd0\xbd\xd1\x8b\xd0\xb9 \xd0\xbc\xd0\xbe\xd0\xb4\xd1\x83\xd0\xbb\xd1\x8c.), ext\\php_mysqli.dll (\xd0\x9d\xd0\xb5 \xd0\xbd\xd0\xb0\xd0\xb9\xd0\xb4\xd0\xb5\xd0\xbd \xd1\x83\xd0\xba\xd0\xb0\xd0\xb7\xd0\xb0\xd0\xbd\xd0\xbd\xd1\x8b\xd0\xb9 \xd0\xbc\xd0\xbe\xd0\xb4\xd1\x83\xd0\xbb\xd1\x8c.)) in Unknown on line 0
[Fri Jan 24 00:05:25.110478 2020] [mpm_winnt:notice] [pid 9900:tid 4] AH00354: Child: Starting 64 worker threads.
[Fri Jan 24 00:16:42.483099 2020] [mpm_winnt:notice] [pid 7368:tid 704] AH00424: Parent: Received restart signal -- Restarting the server.
PHP Warning:  PHP Startup: Unable to load dynamic library 'mysqli' (tried: ext\\mysqli (\xd0\x9d\xd0\xb5 \xd0\xbd\xd0\xb0\xd0\xb9\xd0\xb4\xd0\xb5\xd0\xbd \xd1\x83\xd0\xba\xd0\xb0\xd0\xb7\xd0\xb0\xd0\xbd\xd0\xbd\xd1\x8b\xd0\xb9 \xd0\xbc\xd0\xbe\xd0\xb4\xd1\x83\xd0\xbb\xd1\x8c.), ext\\php_mysqli.dll (\xd0\x9d\xd0\xb5 \xd0\xbd\xd0\xb0\xd0\xb9\xd0\xb4\xd0\xb5\xd0\xbd \xd1\x83\xd0\xba\xd0\xb0\xd0\xb7\xd0\xb0\xd0\xbd\xd0\xbd\xd1\x8b\xd0\xb9 \xd0\xbc\xd0\xbe\xd0\xb4\xd1\x83\xd0\xbb\xd1\x8c.)) in Unknown on line 0
[Fri Jan 24 00:16:42.514869 2020] [mpm_winnt:notice] [pid 7368:tid 704] AH00455: Apache/2.4.41 (Win64) PHP/7.4.2 configured -- resuming normal operations
[Fri Jan 24 00:16:42.514869 2020] [mpm_winnt:notice] [pid 7368:tid 704] AH00456: Apache Lounge VS16 Server built: Aug  9 2019 16:46:32
[Fri Jan 24 00:16:42.514869 2020] [core:notice] [pid 7368:tid 704] AH00094: Command line: 'C:\\Apache24\\bin\\httpd.exe -d C:/Apache24'
[Fri Jan 24 00:16:42.527868 2020] [mpm_winnt:notice] [pid 7368:tid 704] AH00418: Parent: Created child process 5096
PHP Warning:  PHP Startup: Unable to load dynamic library 'mysqli' (tried: ext\\mysqli (\xd0\x9d\xd0\xb5 \xd0\xbd\xd0\xb0\xd0\xb9\xd0\xb4\xd0\xb5\xd0\xbd \xd1\x83\xd0\xba\xd0\xb0\xd0\xb7\xd0\xb0\xd0\xbd\xd0\xbd\xd1\x8b\xd0\xb9 \xd0\xbc\xd0\xbe\xd0\xb4\xd1\x83\xd0\xbb\xd1\x8c.), ext\\php_mysqli.dll (\xd0\x9d\xd0\xb5 \xd0\xbd\xd0\xb0\xd0\xb9\xd0\xb4\xd0\xb5\xd0\xbd \xd1\x83\xd0\xba\xd0\xb0\xd0\xb7\xd0\xb0\xd0\xbd\xd0\xbd\xd1\x8b\xd0\xb9 \xd0\xbc\xd0\xbe\xd0\xb4\xd1\x83\xd0\xbb\xd1\x8c.)) in Unknown on line 0
[Fri Jan 24 00:16:43.484047 2020] [mpm_winnt:notice] [pid 5096:tid 672] AH00354: Child: Starting 64 worker threads.
[Fri Jan 24 00:16:44.484905 2020] [mpm_winnt:notice] [pid 9900:tid 4] AH00364: Child: All worker threads have exited.
[Fri Jan 24 00:18:49.006088 2020] [mpm_winnt:notice] [pid 7368:tid 704] AH00422: Parent: Received shutdown signal -- Shutting down the server.
[Fri Jan 24 00:18:51.013459 2020] [mpm_winnt:notice] [pid 5096:tid 672] AH00364: Child: All worker threads have exited.
[Fri Jan 24 00:18:52.344353 2020] [mpm_winnt:notice] [pid 7368:tid 704] AH00430: Parent: Child process 5096 exited successfully.
PHP Warning:  PHP Startup: Unable to load dynamic library 'mysqli' (tried: ext\\mysqli (\xd0\x9d\xd0\xb5 \xd0\xbd\xd0\xb0\xd0\xb9\xd0\xb4\xd0\xb5\xd0\xbd \xd1\x83\xd0\xba\xd0\xb0\xd0\xb7\xd0\xb0\xd0\xbd\xd0\xbd\xd1\x8b\xd0\xb9 \xd0\xbc\xd0\xbe\xd0\xb4\xd1\x83\xd0\xbb\xd1\x8c.), ext\\php_mysqli.dll (\xd0\x9d\xd0\xb5 \xd0\xbd\xd0\xb0\xd0\xb9\xd0\xb4\xd0\xb5\xd0\xbd \xd1\x83\xd0\xba\xd0\xb0\xd0\xb7\xd0\xb0\xd0\xbd\xd0\xbd\xd1\x8b\xd0\xb9 \xd0\xbc\xd0\xbe\xd0\xb4\xd1\x83\xd0\xbb\xd1\x8c.)) in Unknown on line 0
[Fri Jan 24 08:02:28.452058 2020] [mpm_winnt:notice] [pid 4324:tid 732] AH00455: Apache/2.4.41 (Win64) PHP/7.4.2 configured -- resuming normal operations
[Fri Jan 24 08:02:28.452058 2020] [mpm_winnt:notice] [pid 4324:tid 732] AH00456: Apache Lounge VS16 Server built: Aug  9 2019 16:46:32
[Fri Jan 24 08:02:28.452058 2020] [core:notice] [pid 4324:tid 732] AH00094: Command line: 'C:\\Apache24\\bin\\httpd.exe -d C:/Apache24'
[Fri Jan 24 08:02:28.452058 2020] [mpm_winnt:notice] [pid 4324:tid 732] AH00418: Parent: Created child process 5852
PHP Warning:  PHP Startup: Unable to load dynamic library 'mysqli' (tried: ext\\mysqli (\xd0\x9d\xd0\xb5 \xd0\xbd\xd0\xb0\xd0\xb9\xd0\xb4\xd0\xb5\xd0\xbd \xd1\x83\xd0\xba\xd0\xb0\xd0\xb7\xd0\xb0\xd0\xbd\xd0\xbd\xd1\x8b\xd0\xb9 \xd0\xbc\xd0\xbe\xd0\xb4\xd1\x83\xd0\xbb\xd1\x8c.), ext\\php_mysqli.dll (\xd0\x9d\xd0\xb5 \xd0\xbd\xd0\xb0\xd0\xb9\xd0\xb4\xd0\xb5\xd0\xbd \xd1\x83\xd0\xba\xd0\xb0\xd0\xb7\xd0\xb0\xd0\xbd\xd0\xbd\xd1\x8b\xd0\xb9 \xd0\xbc\xd0\xbe\xd0\xb4\xd1\x83\xd0\xbb\xd1\x8c.)) in Unknown on line 0
[Fri Jan 24 08:02:28.998931 2020] [mpm_winnt:notice] [pid 5852:tid 708] AH00354: Child: Starting 64 worker threads.
[Fri Jan 24 08:15:42.678297 2020] [mpm_winnt:notice] [pid 4324:tid 732] AH00424: Parent: Received restart signal -- Restarting the server.
PHP Warning:  PHP Startup: Unable to load dynamic library 'mysqli' (tried: ext\\mysqli (\xd0\x9d\xd0\xb5 \xd0\xbd\xd0\xb0\xd0\xb9\xd0\xb4\xd0\xb5\xd0\xbd \xd1\x83\xd0\xba\xd0\xb0\xd0\xb7\xd0\xb0\xd0\xbd\xd0\xbd\xd1\x8b\xd0\xb9 \xd0\xbc\xd0\xbe\xd0\xb4\xd1\x83\xd0\xbb\xd1\x8c.), ext\\php_mysqli.dll (\xd0\x9d\xd0\xb5 \xd0\xbd\xd0\xb0\xd0\xb9\xd0\xb4\xd0\xb5\xd0\xbd \xd1\x83\xd0\xba\xd0\xb0\xd0\xb7\xd0\xb0\xd0\xbd\xd0\xbd\xd1\x8b\xd0\xb9 \xd0\xbc\xd0\xbe\xd0\xb4\xd1\x83\xd0\xbb\xd1\x8c.)) in Unknown on line 0
[Fri Jan 24 08:15:42.710298 2020] [mpm_winnt:notice] [pid 4324:tid 732] AH00455: Apache/2.4.41 (Win64) PHP/7.4.2 configured -- resuming normal operations
[Fri Jan 24 08:15:42.710298 2020] [mpm_winnt:notice] [pid 4324:tid 732] AH00456: Apache Lounge VS16 Server built: Aug  9 2019 16:46:32
[Fri Jan 24 08:15:42.710298 2020] [core:notice] [pid 4324:tid 732] AH00094: Command line: 'C:\\Apache24\\bin\\httpd.exe -d C:/Apache24'
[Fri Jan 24 08:15:42.715299 2020] [mpm_winnt:notice] [pid 4324:tid 732] AH00418: Parent: Created child process 6968
PHP Warning:  PHP Startup: Unable to load dynamic library 'mysqli' (tried: ext\\mysqli (\xd0\x9d\xd0\xb5 \xd0\xbd\xd0\xb0\xd0\xb9\xd0\xb4\xd0\xb5\xd0\xbd \xd1\x83\xd0\xba\xd0\xb0\xd0\xb7\xd0\xb0\xd0\xbd\xd0\xbd\xd1\x8b\xd0\xb9 \xd0\xbc\xd0\xbe\xd0\xb4\xd1\x83\xd0\xbb\xd1\x8c.), ext\\php_mysqli.dll (\xd0\x9d\xd0\xb5 \xd0\xbd\xd0\xb0\xd0\xb9\xd0\xb4\xd0\xb5\xd0\xbd \xd1\x83\xd0\xba\xd0\xb0\xd0\xb7\xd0\xb0\xd0\xbd\xd0\xbd\xd1\x8b\xd0\xb9 \xd0\xbc\xd0\xbe\xd0\xb4\xd1\x83\xd0\xbb\xd1\x8c.)) in Unknown on line 0
[Fri Jan 24 08:15:43.678983 2020] [mpm_winnt:notice] [pid 6968:tid 660] AH00354: Child: Starting 64 worker threads.
[Fri Jan 24 08:15:44.680199 2020] [mpm_winnt:notice] [pid 5852:tid 708] AH00364: Child: All worker threads have exited.
[Fri Jan 24 08:16:47.016658 2020] [mpm_winnt:notice] [pid 4324:tid 732] AH00422: Parent: Received shutdown signal -- Shutting down the server.
[Fri Jan 24 08:16:53.049306 2020] [mpm_winnt:notice] [pid 6968:tid 660] AH00364: Child: All worker threads have exited.
[Fri Jan 24 08:16:54.602476 2020] [mpm_winnt:notice] [pid 4324:tid 732] AH00430: Parent: Child process 6968 exited successfully.
PHP Warning:  PHP Startup: Unable to load dynamic library 'mysqli' (tried: ext\\mysqli (\xd0\x9d\xd0\xb5 \xd0\xbd\xd0\xb0\xd0\xb9\xd0\xb4\xd0\xb5\xd0\xbd \xd1\x83\xd0\xba\xd0\xb0\xd0\xb7\xd0\xb0\xd0\xbd\xd0\xbd\xd1\x8b\xd0\xb9 \xd0\xbc\xd0\xbe\xd0\xb4\xd1\x83\xd0\xbb\xd1\x8c.), ext\\php_mysqli.dll (\xd0\x9d\xd0\xb5 \xd0\xbd\xd0\xb0\xd0\xb9\xd0\xb4\xd0\xb5\xd0\xbd \xd1\x83\xd0\xba\xd0\xb0\xd0\xb7\xd0\xb0\xd0\xbd\xd0\xbd\xd1\x8b\xd0\xb9 \xd0\xbc\xd0\xbe\xd0\xb4\xd1\x83\xd0\xbb\xd1\x8c.)) in Unknown on line 0
[Fri Jan 24 08:17:01.556783 2020] [mpm_winnt:notice] [pid 12524:tid 712] AH00455: Apache/2.4.41 (Win64) PHP/7.4.2 configured -- resuming normal operations
[Fri Jan 24 08:17:01.556783 2020] [mpm_winnt:notice] [pid 12524:tid 712] AH00456: Apache Lounge VS16 Server built: Aug  9 2019 16:46:32
[Fri Jan 24 08:17:01.556783 2020] [core:notice] [pid 12524:tid 712] AH00094: Command line: 'C:\\Apache24\\bin\\httpd.exe -d C:/Apache24'
[Fri Jan 24 08:17:01.563784 2020] [mpm_winnt:notice] [pid 12524:tid 712] AH00418: Parent: Created child process 12488
PHP Warning:  PHP Startup: Unable to load dynamic library 'mysqli' (tried: ext\\mysqli (\xd0\x9d\xd0\xb5 \xd0\xbd\xd0\xb0\xd0\xb9\xd0\xb4\xd0\xb5\xd0\xbd \xd1\x83\xd0\xba\xd0\xb0\xd0\xb7\xd0\xb0\xd0\xbd\xd0\xbd\xd1\x8b\xd0\xb9 \xd0\xbc\xd0\xbe\xd0\xb4\xd1\x83\xd0\xbb\xd1\x8c.), ext\\php_mysqli.dll (\xd0\x9d\xd0\xb5 \xd0\xbd\xd0\xb0\xd0\xb9\xd0\xb4\xd0\xb5\xd0\xbd \xd1\x83\xd0\xba\xd0\xb0\xd0\xb7\xd0\xb0\xd0\xbd\xd0\xbd\xd1\x8b\xd0\xb9 \xd0\xbc\xd0\xbe\xd0\xb4\xd1\x83\xd0\xbb\xd1\x8c.)) in Unknown on line 0
[Fri Jan 24 08:17:02.131782 2020] [mpm_winnt:notice] [pid 12488:tid 688] AH00354: Child: Starting 64 worker threads.
[Fri Jan 24 13:26:59.459414 2020] [mpm_winnt:notice] [pid 12524:tid 712] AH00424: Parent: Received restart signal -- Restarting the server.
PHP Warning:  PHP Startup: Unable to load dynamic library 'mysqli' (tried: ext\\mysqli (\xd0\x9d\xd0\xb5 \xd0\xbd\xd0\xb0\xd0\xb9\xd0\xb4\xd0\xb5\xd0\xbd \xd1\x83\xd0\xba\xd0\xb0\xd0\xb7\xd0\xb0\xd0\xbd\xd0\xbd\xd1\x8b\xd0\xb9 \xd0\xbc\xd0\xbe\xd0\xb4\xd1\x83\xd0\xbb\xd1\x8c.), ext\\php_mysqli.dll (\xd0\x9d\xd0\xb5 \xd0\xbd\xd0\xb0\xd0\xb9\xd0\xb4\xd0\xb5\xd0\xbd \xd1\x83\xd0\xba\xd0\xb0\xd0\xb7\xd0\xb0\xd0\xbd\xd0\xbd\xd1\x8b\xd0\xb9 \xd0\xbc\xd0\xbe\xd0\xb4\xd1\x83\xd0\xbb\xd1\x8c.)) in Unknown on line 0
[Fri Jan 24 13:26:59.491170 2020] [mpm_winnt:notice] [pid 12524:tid 712] AH00455: Apache/2.4.41 (Win64) PHP/7.4.2 configured -- resuming normal operations
[Fri Jan 24 13:26:59.491170 2020] [mpm_winnt:notice] [pid 12524:tid 712] AH00456: Apache Lounge VS16 Server built: Aug  9 2019 16:46:32
[Fri Jan 24 13:26:59.491170 2020] [core:notice] [pid 12524:tid 712] AH00094: Command line: 'C:\\Apache24\\bin\\httpd.exe -d C:/Apache24'
[Fri Jan 24 13:26:59.497168 2020] [mpm_winnt:notice] [pid 12524:tid 712] AH00418: Parent: Created child process 7928
PHP Warning:  PHP Startup: Unable to load dynamic library 'mysqli' (tried: ext\\mysqli (\xd0\x9d\xd0\xb5 \xd0\xbd\xd0\xb0\xd0\xb9\xd0\xb4\xd0\xb5\xd0\xbd \xd1\x83\xd0\xba\xd0\xb0\xd0\xb7\xd0\xb0\xd0\xbd\xd0\xbd\xd1\x8b\xd0\xb9 \xd0\xbc\xd0\xbe\xd0\xb4\xd1\x83\xd0\xbb\xd1\x8c.), ext\\php_mysqli.dll (\xd0\x9d\xd0\xb5 \xd0\xbd\xd0\xb0\xd0\xb9\xd0\xb4\xd0\xb5\xd0\xbd \xd1\x83\xd0\xba\xd0\xb0\xd0\xb7\xd0\xb0\xd0\xbd\xd0\xbd\xd1\x8b\xd0\xb9 \xd0\xbc\xd0\xbe\xd0\xb4\xd1\x83\xd0\xbb\xd1\x8c.)) in Unknown on line 0
[Fri Jan 24 13:27:00.459660 2020] [mpm_winnt:notice] [pid 7928:tid 712] AH00354: Child: Starting 64 worker threads.
[Fri Jan 24 13:27:01.460458 2020] [mpm_winnt:notice] [pid 12488:tid 688] AH00364: Child: All worker threads have exited.
[Fri Jan 24 13:32:06.471898 2020] [mpm_winnt:notice] [pid 12524:tid 712] AH00422: Parent: Received shutdown signal -- Shutting down the server.
[Fri Jan 24 13:32:08.503565 2020] [mpm_winnt:notice] [pid 7928:tid 712] AH00364: Child: All worker threads have exited.
[Fri Jan 24 13:32:08.800023 2020] [mpm_winnt:notice] [pid 12524:tid 712] AH00430: Parent: Child process 7928 exited successfully.
PHP Warning:  PHP Startup: Unable to load dynamic library 'mysqli' (tried: ext\\mysqli (\xd0\x9d\xd0\xb5 \xd0\xbd\xd0\xb0\xd0\xb9\xd0\xb4\xd0\xb5\xd0\xbd \xd1\x83\xd0\xba\xd0\xb0\xd0\xb7\xd0\xb0\xd0\xbd\xd0\xbd\xd1\x8b\xd0\xb9 \xd0\xbc\xd0\xbe\xd0\xb4\xd1\x83\xd0\xbb\xd1\x8c.), ext\\php_mysqli.dll (\xd0\x9d\xd0\xb5 \xd0\xbd\xd0\xb0\xd0\xb9\xd0\xb4\xd0\xb5\xd0\xbd \xd1\x83\xd0\xba\xd0\xb0\xd0\xb7\xd0\xb0\xd0\xbd\xd0\xbd\xd1\x8b\xd0\xb9 \xd0\xbc\xd0\xbe\xd0\xb4\xd1\x83\xd0\xbb\xd1\x8c.)) in Unknown on line 0
[Fri Jan 24 18:22:44.051492 2020] [mpm_winnt:notice] [pid 3820:tid 736] AH00455: Apache/2.4.41 (Win64) PHP/7.4.2 configured -- resuming normal operations
[Fri Jan 24 18:22:44.051492 2020] [mpm_winnt:notice] [pid 3820:tid 736] AH00456: Apache Lounge VS16 Server built: Aug  9 2019 16:46:32
[Fri Jan 24 18:22:44.051492 2020] [core:notice] [pid 3820:tid 736] AH00094: Command line: 'C:\\Apache24\\bin\\httpd.exe -d C:/Apache24'
[Fri Jan 24 18:22:44.051492 2020] [mpm_winnt:notice] [pid 3820:tid 736] AH00418: Parent: Created child process 5496
PHP Warning:  PHP Startup: Unable to load dynamic library 'mysqli' (tried: ext\\mysqli (\xd0\x9d\xd0\xb5 \xd0\xbd\xd0\xb0\xd0\xb9\xd0\xb4\xd0\xb5\xd0\xbd \xd1\x83\xd0\xba\xd0\xb0\xd0\xb7\xd0\xb0\xd0\xbd\xd0\xbd\xd1\x8b\xd0\xb9 \xd0\xbc\xd0\xbe\xd0\xb4\xd1\x83\xd0\xbb\xd1\x8c.), ext\\php_mysqli.dll (\xd0\x9d\xd0\xb5 \xd0\xbd\xd0\xb0\xd0\xb9\xd0\xb4\xd0\xb5\xd0\xbd \xd1\x83\xd0\xba\xd0\xb0\xd0\xb7\xd0\xb0\xd0\xbd\xd0\xbd\xd1\x8b\xd0\xb9 \xd0\xbc\xd0\xbe\xd0\xb4\xd1\x83\xd0\xbb\xd1\x8c.)) in Unknown on line 0
[Fri Jan 24 18:22:44.910867 2020] [mpm_winnt:notice] [pid 5496:tid 548] AH00354: Child: Starting 64 worker threads.
[Sat Jan 25 00:23:16.299448 2020] [mpm_winnt:notice] [pid 3820:tid 736] AH00422: Parent: Received shutdown signal -- Shutting down the server.
[Sat Jan 25 00:23:18.331116 2020] [mpm_winnt:notice] [pid 5496:tid 548] AH00364: Child: All worker threads have exited.
[Sat Jan 25 00:23:18.346873 2020] [mpm_winnt:notice] [pid 3820:tid 736] AH00430: Parent: Child process 5496 exited successfully.
PHP Warning:  PHP Startup: Unable to load dynamic library 'mysqli' (tried: ext\\mysqli (\xd0\x9d\xd0\xb5 \xd0\xbd\xd0\xb0\xd0\xb9\xd0\xb4\xd0\xb5\xd0\xbd \xd1\x83\xd0\xba\xd0\xb0\xd0\xb7\xd0\xb0\xd0\xbd\xd0\xbd\xd1\x8b\xd0\xb9 \xd0\xbc\xd0\xbe\xd0\xb4\xd1\x83\xd0\xbb\xd1\x8c.), ext\\php_mysqli.dll (\xd0\x9d\xd0\xb5 \xd0\xbd\xd0\xb0\xd0\xb9\xd0\xb4\xd0\xb5\xd0\xbd \xd1\x83\xd0\xba\xd0\xb0\xd0\xb7\xd0\xb0\xd0\xbd\xd0\xbd\xd1\x8b\xd0\xb9 \xd0\xbc\xd0\xbe\xd0\xb4\xd1\x83\xd0\xbb\xd1\x8c.)) in Unknown on line 0
[Sat Jan 25 08:28:50.017463 2020] [mpm_winnt:notice] [pid 3692:tid 704] AH00455: Apache/2.4.41 (Win64) PHP/7.4.2 configured -- resuming normal operations
[Sat Jan 25 08:28:50.017463 2020] [mpm_winnt:notice] [pid 3692:tid 704] AH00456: Apache Lounge VS16 Server built: Aug  9 2019 16:46:32
[Sat Jan 25 08:28:50.017463 2020] [core:notice] [pid 3692:tid 704] AH00094: Command line: 'C:\\Apache24\\bin\\httpd.exe -d C:/Apache24'
[Sat Jan 25 08:28:50.017463 2020] [mpm_winnt:notice] [pid 3692:tid 704] AH00418: Parent: Created child process 5728
PHP Warning:  PHP Startup: Unable to load dynamic library 'mysqli' (tried: ext\\mysqli (\xd0\x9d\xd0\xb5 \xd0\xbd\xd0\xb0\xd0\xb9\xd0\xb4\xd0\xb5\xd0\xbd \xd1\x83\xd0\xba\xd0\xb0\xd0\xb7\xd0\xb0\xd0\xbd\xd0\xbd\xd1\x8b\xd0\xb9 \xd0\xbc\xd0\xbe\xd0\xb4\xd1\x83\xd0\xbb\xd1\x8c.), ext\\php_mysqli.dll (\xd0\x9d\xd0\xb5 \xd0\xbd\xd0\xb0\xd0\xb9\xd0\xb4\xd0\xb5\xd0\xbd \xd1\x83\xd0\xba\xd0\xb0\xd0\xb7\xd0\xb0\xd0\xbd\xd0\xbd\xd1\x8b\xd0\xb9 \xd0\xbc\xd0\xbe\xd0\xb4\xd1\x83\xd0\xbb\xd1\x8c.)) in Unknown on line 0
[Sat Jan 25 08:28:50.533083 2020] [mpm_winnt:notice] [pid 5728:tid 656] AH00354: Child: Starting 64 worker threads.
[Sat Jan 25 09:50:54.396412 2020] [mpm_winnt:notice] [pid 3692:tid 704] AH00424: Parent: Received restart signal -- Restarting the server.
PHP Warning:  PHP Startup: Unable to load dynamic library 'mysqli' (tried: ext\\mysqli (\xd0\x9d\xd0\xb5 \xd0\xbd\xd0\xb0\xd0\xb9\xd0\xb4\xd0\xb5\xd0\xbd \xd1\x83\xd0\xba\xd0\xb0\xd0\xb7\xd0\xb0\xd0\xbd\xd0\xbd\xd1\x8b\xd0\xb9 \xd0\xbc\xd0\xbe\xd0\xb4\xd1\x83\xd0\xbb\xd1\x8c.), ext\\php_mysqli.dll (\xd0\x9d\xd0\xb5 \xd0\xbd\xd0\xb0\xd0\xb9\xd0\xb4\xd0\xb5\xd0\xbd \xd1\x83\xd0\xba\xd0\xb0\xd0\xb7\xd0\xb0\xd0\xbd\xd0\xbd\xd1\x8b\xd0\xb9 \xd0\xbc\xd0\xbe\xd0\xb4\xd1\x83\xd0\xbb\xd1\x8c.)) in Unknown on line 0
[Sat Jan 25 09:50:54.567410 2020] [mpm_winnt:notice] [pid 3692:tid 704] AH00455: Apache/2.4.41 (Win64) PHP/7.4.2 configured -- resuming normal operations
[Sat Jan 25 09:50:54.567410 2020] [mpm_winnt:notice] [pid 3692:tid 704] AH00456: Apache Lounge VS16 Server built: Aug  9 2019 16:46:32
[Sat Jan 25 09:50:54.567410 2020] [core:notice] [pid 3692:tid 704] AH00094: Command line: 'C:\\Apache24\\bin\\httpd.exe -d C:/Apache24'
[Sat Jan 25 09:50:54.574418 2020] [mpm_winnt:notice] [pid 3692:tid 704] AH00418: Parent: Created child process 8252
PHP Warning:  PHP Startup: Unable to load dynamic library 'mysqli' (tried: ext\\mysqli (\xd0\x9d\xd0\xb5 \xd0\xbd\xd0\xb0\xd0\xb9\xd0\xb4\xd0\xb5\xd0\xbd \xd1\x83\xd0\xba\xd0\xb0\xd0\xb7\xd0\xb0\xd0\xbd\xd0\xbd\xd1\x8b\xd0\xb9 \xd0\xbc\xd0\xbe\xd0\xb4\xd1\x83\xd0\xbb\xd1\x8c.), ext\\php_mysqli.dll (\xd0\x9d\xd0\xb5 \xd0\xbd\xd0\xb0\xd0\xb9\xd0\xb4\xd0\xb5\xd0\xbd \xd1\x83\xd0\xba\xd0\xb0\xd0\xb7\xd0\xb0\xd0\xbd\xd0\xbd\xd1\x8b\xd0\xb9 \xd0\xbc\xd0\xbe\xd0\xb4\xd1\x83\xd0\xbb\xd1\x8c.)) in Unknown on line 0
[Sat Jan 25 09:50:55.397635 2020] [mpm_winnt:notice] [pid 8252:tid 636] AH00354: Child: Starting 64 worker threads.
[Sat Jan 25 09:50:59.411848 2020] [mpm_winnt:notice] [pid 5728:tid 656] AH00364: Child: All worker threads have exited.
[Sat Jan 25 09:59:47.416887 2020] [php7:warn] [pid 8252:tid 1200] [client ::1:56011] PHP Warning:  include(LoadWall.php): failed to open stream: No such file or directory in C:\\localhost\\index.php on line 48, referer: http://localhost:8080/php/creators.php
[Sat Jan 25 09:59:47.416887 2020] [php7:warn] [pid 8252:tid 1200] [client ::1:56011] PHP Warning:  include(): Failed opening 'LoadWall.php' for inclusion (include_path='.;C:\\php\\pear') in C:\\localhost\\index.php on line 48, referer: http://localhost:8080/php/creators.php
[Sat Jan 25 11:04:29.983551 2020] [php7:error] [pid 8252:tid 1200] [client ::1:57543] PHP Parse error:  syntax error, unexpected '5' (T_LNUMBER), expecting ')' in C:\\localhost\\php\\creators.php on line 50, referer: http://localhost:8080/index.php
[Sat Jan 25 11:11:06.665545 2020] [php7:error] [pid 8252:tid 1200] [client ::1:57893] script 'C:/localhost/php/index.php' not found or unable to stat, referer: http://localhost:8080/php/creators.php
[Sat Jan 25 11:11:28.820128 2020] [php7:error] [pid 8252:tid 1216] [client ::1:57897] script 'C:/localhost/php/index.php' not found or unable to stat, referer: http://localhost:8080/php/creators.php
[Sat Jan 25 11:25:02.545650 2020] [php7:error] [pid 8252:tid 1208] [client ::1:58114] script 'C:/localhost/php/creators.php' not found or unable to stat, referer: http://localhost:8080/index.php
[Sat Jan 25 11:25:09.474869 2020] [php7:warn] [pid 8252:tid 1200] [client ::1:58115] PHP Warning:  include(showCreators.php): failed to open stream: No such file or directory in C:\\localhost\\creators.php on line 45
[Sat Jan 25 11:25:09.474869 2020] [php7:warn] [pid 8252:tid 1200] [client ::1:58115] PHP Warning:  include(): Failed opening 'showCreators.php' for inclusion (include_path='.;C:\\php\\pear') in C:\\localhost\\creators.php on line 45
[Sat Jan 25 11:31:44.506919 2020] [php7:notice] [pid 8252:tid 1200] [client ::1:58360] PHP Deprecated:  The behavior of unparenthesized expressions containing both '.' and '+'/'-' will change in PHP 8: '+'/'-' will take a higher precedence in C:\\localhost\\php\\showCreators.php on line 12, referer: http://localhost:8080/index.php
[Sat Jan 25 11:31:44.506919 2020] [php7:warn] [pid 8252:tid 1200] [client ::1:58360] PHP Warning:  A non-numeric value encountered in C:\\localhost\\php\\showCreators.php on line 15, referer: http://localhost:8080/index.php
[Sat Jan 25 11:31:44.506919 2020] [php7:warn] [pid 8252:tid 1200] [client ::1:58360] PHP Warning:  A non-numeric value encountered in C:\\localhost\\php\\showCreators.php on line 15, referer: http://localhost:8080/index.php
[Sat Jan 25 11:31:44.506919 2020] [php7:warn] [pid 8252:tid 1200] [client ::1:58360] PHP Warning:  A non-numeric value encountered in C:\\localhost\\php\\showCreators.php on line 15, referer: http://localhost:8080/index.php
[Sat Jan 25 11:31:44.506919 2020] [php7:warn] [pid 8252:tid 1200] [client ::1:58360] PHP Warning:  A non-numeric value encountered in C:\\localhost\\php\\showCreators.php on line 15, referer: http://localhost:8080/index.php
[Sat Jan 25 11:31:44.506919 2020] [php7:warn] [pid 8252:tid 1200] [client ::1:58360] PHP Warning:  A non-numeric value encountered in C:\\localhost\\php\\showCreators.php on line 15, referer: http://localhost:8080/index.php
[Sat Jan 25 12:31:47.061021 2020] [mpm_winnt:notice] [pid 3692:tid 704] AH00422: Parent: Received shutdown signal -- Shutting down the server.
[Sat Jan 25 12:31:49.064041 2020] [mpm_winnt:notice] [pid 8252:tid 636] AH00364: Child: All worker threads have exited.
[Sat Jan 25 12:31:50.497099 2020] [mpm_winnt:notice] [pid 3692:tid 704] AH00430: Parent: Child process 8252 exited successfully.
PHP Warning:  PHP Startup: Unable to load dynamic library 'mysqli' (tried: ext\\mysqli (\xd0\x9d\xd0\xb5 \xd0\xbd\xd0\xb0\xd0\xb9\xd0\xb4\xd0\xb5\xd0\xbd \xd1\x83\xd0\xba\xd0\xb0\xd0\xb7\xd0\xb0\xd0\xbd\xd0\xbd\xd1\x8b\xd0\xb9 \xd0\xbc\xd0\xbe\xd0\xb4\xd1\x83\xd0\xbb\xd1\x8c.), ext\\php_mysqli.dll (\xd0\x9d\xd0\xb5 \xd0\xbd\xd0\xb0\xd0\xb9\xd0\xb4\xd0\xb5\xd0\xbd \xd1\x83\xd0\xba\xd0\xb0\xd0\xb7\xd0\xb0\xd0\xbd\xd0\xbd\xd1\x8b\xd0\xb9 \xd0\xbc\xd0\xbe\xd0\xb4\xd1\x83\xd0\xbb\xd1\x8c.)) in Unknown on line 0
[Sun Jan 26 10:31:27.365962 2020] [mpm_winnt:notice] [pid 3516:tid 712] AH00455: Apache/2.4.41 (Win64) PHP/7.4.2 configured -- resuming normal operations
[Sun Jan 26 10:31:27.365962 2020] [mpm_winnt:notice] [pid 3516:tid 712] AH00456: Apache Lounge VS16 Server built: Aug  9 2019 16:46:32
[Sun Jan 26 10:31:27.365962 2020] [core:notice] [pid 3516:tid 712] AH00094: Command line: 'C:\\Apache24\\bin\\httpd.exe -d C:/Apache24'
[Sun Jan 26 10:31:27.381590 2020] [mpm_winnt:notice] [pid 3516:tid 712] AH00418: Parent: Created child process 5396
PHP Warning:  PHP Startup: Unable to load dynamic library 'mysqli' (tried: ext\\mysqli (\xd0\x9d\xd0\xb5 \xd0\xbd\xd0\xb0\xd0\xb9\xd0\xb4\xd0\xb5\xd0\xbd \xd1\x83\xd0\xba\xd0\xb0\xd0\xb7\xd0\xb0\xd0\xbd\xd0\xbd\xd1\x8b\xd0\xb9 \xd0\xbc\xd0\xbe\xd0\xb4\xd1\x83\xd0\xbb\xd1\x8c.), ext\\php_mysqli.dll (\xd0\x9d\xd0\xb5 \xd0\xbd\xd0\xb0\xd0\xb9\xd0\xb4\xd0\xb5\xd0\xbd \xd1\x83\xd0\xba\xd0\xb0\xd0\xb7\xd0\xb0\xd0\xbd\xd0\xbd\xd1\x8b\xd0\xb9 \xd0\xbc\xd0\xbe\xd0\xb4\xd1\x83\xd0\xbb\xd1\x8c.)) in Unknown on line 0
[Sun Jan 26 10:31:28.115962 2020] [mpm_winnt:notice] [pid 5396:tid 148] AH00354: Child: Starting 64 worker threads.
[Sun Jan 26 19:31:54.600666 2020] [mpm_winnt:notice] [pid 3516:tid 712] AH00422: Parent: Received shutdown signal -- Shutting down the server.
[Sun Jan 26 19:31:56.631900 2020] [mpm_winnt:notice] [pid 5396:tid 148] AH00364: Child: All worker threads have exited.
[Sun Jan 26 19:31:57.038154 2020] [mpm_winnt:notice] [pid 3516:tid 712] AH00430: Parent: Child process 5396 exited successfully.
PHP Warning:  PHP Startup: Unable to load dynamic library 'mysqli' (tried: ext\\mysqli (\xd0\x9d\xd0\xb5 \xd0\xbd\xd0\xb0\xd0\xb9\xd0\xb4\xd0\xb5\xd0\xbd \xd1\x83\xd0\xba\xd0\xb0\xd0\xb7\xd0\xb0\xd0\xbd\xd0\xbd\xd1\x8b\xd0\xb9 \xd0\xbc\xd0\xbe\xd0\xb4\xd1\x83\xd0\xbb\xd1\x8c.), ext\\php_mysqli.dll (\xd0\x9d\xd0\xb5 \xd0\xbd\xd0\xb0\xd0\xb9\xd0\xb4\xd0\xb5\xd0\xbd \xd1\x83\xd0\xba\xd0\xb0\xd0\xb7\xd0\xb0\xd0\xbd\xd0\xbd\xd1\x8b\xd0\xb9 \xd0\xbc\xd0\xbe\xd0\xb4\xd1\x83\xd0\xbb\xd1\x8c.)) in Unknown on line 0
[Sun Jan 26 19:32:42.128174 2020] [mpm_winnt:notice] [pid 3540:tid 124] AH00455: Apache/2.4.41 (Win64) PHP/7.4.2 configured -- resuming normal operations
[Sun Jan 26 19:32:42.128174 2020] [mpm_winnt:notice] [pid 3540:tid 124] AH00456: Apache Lounge VS16 Server built: Aug  9 2019 16:46:32
[Sun Jan 26 19:32:42.128174 2020] [core:notice] [pid 3540:tid 124] AH00094: Command line: 'C:\\Apache24\\bin\\httpd.exe -d C:/Apache24'
[Sun Jan 26 19:32:42.128174 2020] [mpm_winnt:notice] [pid 3540:tid 124] AH00418: Parent: Created child process 5436
PHP Warning:  PHP Startup: Unable to load dynamic library 'mysqli' (tried: ext\\mysqli (\xd0\x9d\xd0\xb5 \xd0\xbd\xd0\xb0\xd0\xb9\xd0\xb4\xd0\xb5\xd0\xbd \xd1\x83\xd0\xba\xd0\xb0\xd0\xb7\xd0\xb0\xd0\xbd\xd0\xbd\xd1\x8b\xd0\xb9 \xd0\xbc\xd0\xbe\xd0\xb4\xd1\x83\xd0\xbb\xd1\x8c.), ext\\php_mysqli.dll (\xd0\x9d\xd0\xb5 \xd0\xbd\xd0\xb0\xd0\xb9\xd0\xb4\xd0\xb5\xd0\xbd \xd1\x83\xd0\xba\xd0\xb0\xd0\xb7\xd0\xb0\xd0\xbd\xd0\xbd\xd1\x8b\xd0\xb9 \xd0\xbc\xd0\xbe\xd0\xb4\xd1\x83\xd0\xbb\xd1\x8c.)) in Unknown on line 0
[Sun Jan 26 19:32:42.768798 2020] [mpm_winnt:notice] [pid 5436:tid 528] AH00354: Child: Starting 64 worker threads.
[Sun Jan 26 21:50:51.132742 2020] [mpm_winnt:notice] [pid 3540:tid 124] AH00422: Parent: Received shutdown signal -- Shutting down the server.
[Sun Jan 26 21:50:53.164007 2020] [mpm_winnt:notice] [pid 5436:tid 528] AH00364: Child: All worker threads have exited.
[Sun Jan 26 21:50:53.570241 2020] [mpm_winnt:notice] [pid 3540:tid 124] AH00430: Parent: Child process 5436 exited successfully.
[Mon Jan 27 08:01:01.607380 2020] [mpm_winnt:notice] [pid 4072:tid 784] AH00455: Apache/2.4.41 (Win64) PHP/7.4.2 configured -- resuming normal operations
[Mon Jan 27 08:01:01.607380 2020] [mpm_winnt:notice] [pid 4072:tid 784] AH00456: Apache Lounge VS16 Server built: Aug  9 2019 16:46:32
[Mon Jan 27 08:01:01.607380 2020] [core:notice] [pid 4072:tid 784] AH00094: Command line: 'C:\\Apache24\\bin\\httpd.exe -d C:/Apache24'
[Mon Jan 27 08:01:01.622984 2020] [mpm_winnt:notice] [pid 4072:tid 784] AH00418: Parent: Created child process 6120
[Mon Jan 27 08:01:02.154235 2020] [mpm_winnt:notice] [pid 6120:tid 672] AH00354: Child: Starting 64 worker threads.
[Mon Jan 27 08:38:54.822368 2020] [php7:error] [pid 6120:tid 1200] [client ::1:52562] PHP Fatal error:  Uncaught Error: Class 'VK\\OAuth\\VKOAuth' not found in C:\\localhost\\php\\LoadWall.php:3\nStack trace:\n#0 C:\\localhost\\index.php(49): include()\n#1 {main}\n  thrown in C:\\localhost\\php\\LoadWall.php on line 3
[Mon Jan 27 08:41:44.127835 2020] [mpm_winnt:notice] [pid 4072:tid 784] AH00422: Parent: Received shutdown signal -- Shutting down the server.
[Mon Jan 27 08:41:46.159499 2020] [mpm_winnt:notice] [pid 6120:tid 672] AH00364: Child: All worker threads have exited.
[Mon Jan 27 08:41:46.487208 2020] [mpm_winnt:notice] [pid 4072:tid 784] AH00430: Parent: Child process 6120 exited successfully.
[Mon Jan 27 14:40:40.952731 2020] [mpm_winnt:notice] [pid 3600:tid 740] AH00455: Apache/2.4.41 (Win64) PHP/7.4.2 configured -- resuming normal operations
[Mon Jan 27 14:40:40.952731 2020] [mpm_winnt:notice] [pid 3600:tid 740] AH00456: Apache Lounge VS16 Server built: Aug  9 2019 16:46:32
[Mon Jan 27 14:40:40.952731 2020] [core:notice] [pid 3600:tid 740] AH00094: Command line: 'C:\\Apache24\\bin\\httpd.exe -d C:/Apache24'
[Mon Jan 27 14:40:40.952731 2020] [mpm_winnt:notice] [pid 3600:tid 740] AH00418: Parent: Created child process 5692
[Mon Jan 27 14:40:41.421479 2020] [mpm_winnt:notice] [pid 5692:tid 704] AH00354: Child: Starting 64 worker threads.
[Mon Jan 27 16:56:59.629592 2020] [mpm_winnt:notice] [pid 3600:tid 740] AH00422: Parent: Received shutdown signal -- Shutting down the server.
[Mon Jan 27 16:57:01.645618 2020] [mpm_winnt:notice] [pid 5692:tid 704] AH00364: Child: All worker threads have exited.
[Mon Jan 27 16:57:02.098338 2020] [mpm_winnt:notice] [pid 3600:tid 740] AH00430: Parent: Child process 5692 exited successfully.
[Mon Jan 27 16:57:52.951001 2020] [mpm_winnt:notice] [pid 4080:tid 620] AH00455: Apache/2.4.41 (Win64) PHP/7.4.2 configured -- resuming normal operations
[Mon Jan 27 16:57:52.951001 2020] [mpm_winnt:notice] [pid 4080:tid 620] AH00456: Apache Lounge VS16 Server built: Aug  9 2019 16:46:32
[Mon Jan 27 16:57:52.951001 2020] [core:notice] [pid 4080:tid 620] AH00094: Command line: 'C:\\Apache24\\bin\\httpd.exe -d C:/Apache24'
[Mon Jan 27 16:57:52.951001 2020] [mpm_winnt:notice] [pid 4080:tid 620] AH00418: Parent: Created child process 6004
[Mon Jan 27 16:57:54.818810 2020] [mpm_winnt:notice] [pid 6004:tid 668] AH00354: Child: Starting 64 worker threads.
[Mon Jan 27 18:27:28.357472 2020] [php7:error] [pid 6004:tid 1156] [client ::1:53432] PHP Fatal error:  Uncaught Error: Cannot access private property VK\\Client\\VKApiClient::$wall in C:\\localhost\\php\\LoadWall.php:7\nStack trace:\n#0 C:\\localhost\\index.php(49): include()\n#1 {main}\n  thrown in C:\\localhost\\php\\LoadWall.php on line 7, referer: http://localhost:8080/creators.php
[Mon Jan 27 18:35:26.587661 2020] [core:warn] [pid 3824:tid 680] AH00098: pid file C:/Apache24/logs/httpd.pid overwritten -- Unclean shutdown of previous Apache run?
[Mon Jan 27 18:35:26.962685 2020] [mpm_winnt:notice] [pid 3824:tid 680] AH00455: Apache/2.4.41 (Win64) PHP/7.4.2 configured -- resuming normal operations
[Mon Jan 27 18:35:26.962685 2020] [mpm_winnt:notice] [pid 3824:tid 680] AH00456: Apache Lounge VS16 Server built: Aug  9 2019 16:46:32
[Mon Jan 27 18:35:26.962685 2020] [core:notice] [pid 3824:tid 680] AH00094: Command line: 'C:\\Apache24\\bin\\httpd.exe -d C:/Apache24'
[Mon Jan 27 18:35:26.962685 2020] [mpm_winnt:notice] [pid 3824:tid 680] AH00418: Parent: Created child process 5524
[Mon Jan 27 18:35:27.650169 2020] [mpm_winnt:notice] [pid 5524:tid 660] AH00354: Child: Starting 64 worker threads.
[Mon Jan 27 18:39:03.925573 2020] [php7:error] [pid 5524:tid 1176] [client ::1:50672] PHP Fatal error:  Uncaught Error: Cannot access private property VK\\Client\\VKApiClient::$wall in C:\\localhost\\php\\LoadWall.php:7\nStack trace:\n#0 C:\\localhost\\index.php(49): include()\n#1 {main}\n  thrown in C:\\localhost\\php\\LoadWall.php on line 7, referer: http://localhost:8080/creators.php
[Mon Jan 27 18:45:43.200639 2020] [php7:error] [pid 5524:tid 1176] [client ::1:51394] PHP Fatal error:  Uncaught VK\\Exceptions\\VKClientException: VK\\TransportClient\\TransportRequestException: Failed curl request. Curl error 60: SSL certificate problem: self signed certificate in certificate chain. in C:\\localhost\\vendor\\vkcom\\vk-php-sdk\\src\\VK\\TransportClient\\Curl\\CurlHttpClient.php:114\nStack trace:\n#0 C:\\localhost\\vendor\\vkcom\\vk-php-sdk\\src\\VK\\TransportClient\\Curl\\CurlHttpClient.php(57): VK\\TransportClient\\Curl\\CurlHttpClient->sendRequest('https://oauth.v...', Array)\n#1 C:\\localhost\\vendor\\vkcom\\vk-php-sdk\\src\\VK\\OAuth\\VKOAuth.php(125): VK\\TransportClient\\Curl\\CurlHttpClient->get('https://oauth.v...', Array)\n#2 C:\\localhost\\php\\LoadWall.php(21): VK\\OAuth\\VKOAuth->getAccessToken(208115135, 'SDAScasd', 'https://vk.com/...', 'de5d1eda6b6184f...')\n#3 C:\\localhost\\php\\LoadWall.php(7): getAccessToken()\n#4 C:\\localhost\\index.php(49): include('C:\\\\localhost\\\\ph...')\n#5 {main} in C:\\localhost\\vendor\\vkcom\\vk-php-sdk\\src\\VK\\OAuth\\VKOAuth.php:127\nStack trace:\n#0 C:\\localhost\\php\\LoadWall.php(21): VK\\OAuth\\VKOAuth->getAc in C:\\localhost\\vendor\\vkcom\\vk-php-sdk\\src\\VK\\OAuth\\VKOAuth.php on line 127, referer: http://localhost:8080/creators.php
[Mon Jan 27 18:47:38.712578 2020] [php7:error] [pid 5524:tid 1180] [client ::1:51429] PHP Fatal error:  Uncaught VK\\Exceptions\\VKClientException: VK\\TransportClient\\TransportRequestException: Failed curl request. Curl error 60: SSL certificate problem: self signed certificate in certificate chain. in C:\\localhost\\vendor\\vkcom\\vk-php-sdk\\src\\VK\\TransportClient\\Curl\\CurlHttpClient.php:114\nStack trace:\n#0 C:\\localhost\\vendor\\vkcom\\vk-php-sdk\\src\\VK\\TransportClient\\Curl\\CurlHttpClient.php(57): VK\\TransportClient\\Curl\\CurlHttpClient->sendRequest('https://oauth.v...', Array)\n#1 C:\\localhost\\vendor\\vkcom\\vk-php-sdk\\src\\VK\\OAuth\\VKOAuth.php(125): VK\\TransportClient\\Curl\\CurlHttpClient->get('https://oauth.v...', Array)\n#2 C:\\localhost\\php\\LoadWall.php(21): VK\\OAuth\\VKOAuth->getAccessToken(208115135, 'SDAScasd', 'https://vk.com/...', 'de5d1eda6b6184f...')\n#3 C:\\localhost\\php\\LoadWall.php(7): getAccessToken()\n#4 C:\\localhost\\index.php(49): include('C:\\\\localhost\\\\ph...')\n#5 {main} in C:\\localhost\\vendor\\vkcom\\vk-php-sdk\\src\\VK\\OAuth\\VKOAuth.php:127\nStack trace:\n#0 C:\\localhost\\php\\LoadWall.php(21): VK\\OAuth\\VKOAuth->getAc in C:\\localhost\\vendor\\vkcom\\vk-php-sdk\\src\\VK\\OAuth\\VKOAuth.php on line 127, referer: http://localhost:8080/creators.php
[Mon Jan 27 18:47:50.071715 2020] [php7:error] [pid 5524:tid 1172] [client ::1:51461] PHP Fatal error:  Uncaught VK\\Exceptions\\VKClientException: VK\\TransportClient\\TransportRequestException: Failed curl request. Curl error 60: SSL certificate problem: self signed certificate in certificate chain. in C:\\localhost\\vendor\\vkcom\\vk-php-sdk\\src\\VK\\TransportClient\\Curl\\CurlHttpClient.php:114\nStack trace:\n#0 C:\\localhost\\vendor\\vkcom\\vk-php-sdk\\src\\VK\\TransportClient\\Curl\\CurlHttpClient.php(57): VK\\TransportClient\\Curl\\CurlHttpClient->sendRequest('https://oauth.v...', Array)\n#1 C:\\localhost\\vendor\\vkcom\\vk-php-sdk\\src\\VK\\OAuth\\VKOAuth.php(125): VK\\TransportClient\\Curl\\CurlHttpClient->get('https://oauth.v...', Array)\n#2 C:\\localhost\\php\\LoadWall.php(21): VK\\OAuth\\VKOAuth->getAccessToken(208115135, 'SDAScasd', 'http://localhos...', 'de5d1eda6b6184f...')\n#3 C:\\localhost\\php\\LoadWall.php(7): getAccessToken()\n#4 C:\\localhost\\index.php(49): include('C:\\\\localhost\\\\ph...')\n#5 {main} in C:\\localhost\\vendor\\vkcom\\vk-php-sdk\\src\\VK\\OAuth\\VKOAuth.php:127\nStack trace:\n#0 C:\\localhost\\php\\LoadWall.php(21): VK\\OAuth\\VKOAuth->getAc in C:\\localhost\\vendor\\vkcom\\vk-php-sdk\\src\\VK\\OAuth\\VKOAuth.php on line 127, referer: http://localhost:8080/creators.php
[Mon Jan 27 18:52:23.473395 2020] [php7:error] [pid 5524:tid 1180] [client ::1:51733] PHP Fatal error:  Uncaught VK\\Exceptions\\VKClientException: VK\\TransportClient\\TransportRequestException: Failed curl request. Curl error 60: SSL certificate problem: self signed certificate in certificate chain. in C:\\localhost\\vendor\\vkcom\\vk-php-sdk\\src\\VK\\TransportClient\\Curl\\CurlHttpClient.php:114\nStack trace:\n#0 C:\\localhost\\vendor\\vkcom\\vk-php-sdk\\src\\VK\\TransportClient\\Curl\\CurlHttpClient.php(57): VK\\TransportClient\\Curl\\CurlHttpClient->sendRequest('https://oauth.v...', Array)\n#1 C:\\localhost\\vendor\\vkcom\\vk-php-sdk\\src\\VK\\OAuth\\VKOAuth.php(125): VK\\TransportClient\\Curl\\CurlHttpClient->get('https://oauth.v...', Array)\n#2 C:\\localhost\\php\\LoadWall.php(24): VK\\OAuth\\VKOAuth->getAccessToken(208115135, 'SDAScasd', 'https://vk.com/...', 'de5d1eda6b6184f...')\n#3 C:\\localhost\\php\\LoadWall.php(7): getAccessToken()\n#4 C:\\localhost\\index.php(49): include('C:\\\\localhost\\\\ph...')\n#5 {main} in C:\\localhost\\vendor\\vkcom\\vk-php-sdk\\src\\VK\\OAuth\\VKOAuth.php:127\nStack trace:\n#0 C:\\localhost\\php\\LoadWall.php(24): VK\\OAuth\\VKOAuth->getAc in C:\\localhost\\vendor\\vkcom\\vk-php-sdk\\src\\VK\\OAuth\\VKOAuth.php on line 127, referer: http://localhost:8080/creators.php
[Mon Jan 27 18:52:40.688396 2020] [php7:error] [pid 5524:tid 1172] [client ::1:51760] PHP Fatal error:  Uncaught VK\\Exceptions\\VKClientException: VK\\TransportClient\\TransportRequestException: Failed curl request. Curl error 60: SSL certificate problem: self signed certificate in certificate chain. in C:\\localhost\\vendor\\vkcom\\vk-php-sdk\\src\\VK\\TransportClient\\Curl\\CurlHttpClient.php:114\nStack trace:\n#0 C:\\localhost\\vendor\\vkcom\\vk-php-sdk\\src\\VK\\TransportClient\\Curl\\CurlHttpClient.php(57): VK\\TransportClient\\Curl\\CurlHttpClient->sendRequest('https://oauth.v...', Array)\n#1 C:\\localhost\\vendor\\vkcom\\vk-php-sdk\\src\\VK\\OAuth\\VKOAuth.php(125): VK\\TransportClient\\Curl\\CurlHttpClient->get('https://oauth.v...', Array)\n#2 C:\\localhost\\php\\LoadWall.php(24): VK\\OAuth\\VKOAuth->getAccessToken(208115135, 'SDAScasd', 'https://vk.com/...', 'de5d1eda6b6184f...')\n#3 C:\\localhost\\php\\LoadWall.php(7): getAccessToken()\n#4 C:\\localhost\\index.php(49): include('C:\\\\localhost\\\\ph...')\n#5 {main} in C:\\localhost\\vendor\\vkcom\\vk-php-sdk\\src\\VK\\OAuth\\VKOAuth.php:127\nStack trace:\n#0 C:\\localhost\\php\\LoadWall.php(24): VK\\OAuth\\VKOAuth->getAc in C:\\localhost\\vendor\\vkcom\\vk-php-sdk\\src\\VK\\OAuth\\VKOAuth.php on line 127, referer: http://localhost:8080/creators.php
[Mon Jan 27 18:59:51.478651 2020] [php7:error] [pid 5524:tid 1172] [client ::1:51993] PHP Fatal error:  Uncaught VK\\Exceptions\\VKClientException: VK\\TransportClient\\TransportRequestException: Failed curl request. Curl error 60: SSL certificate problem: self signed certificate in certificate chain. in C:\\localhost\\vendor\\vkcom\\vk-php-sdk\\src\\VK\\TransportClient\\Curl\\CurlHttpClient.php:114\nStack trace:\n#0 C:\\localhost\\vendor\\vkcom\\vk-php-sdk\\src\\VK\\TransportClient\\Curl\\CurlHttpClient.php(57): VK\\TransportClient\\Curl\\CurlHttpClient->sendRequest('https://oauth.v...', Array)\n#1 C:\\localhost\\vendor\\vkcom\\vk-php-sdk\\src\\VK\\OAuth\\VKOAuth.php(125): VK\\TransportClient\\Curl\\CurlHttpClient->get('https://oauth.v...', Array)\n#2 C:\\localhost\\php\\LoadWall.php(24): VK\\OAuth\\VKOAuth->getAccessToken(208115135, 'SDAScasd', 'https://vk.com/...', 'de5d1eda6b6184f...')\n#3 C:\\localhost\\php\\LoadWall.php(7): getAccessToken()\n#4 C:\\localhost\\index.php(51): include('C:\\\\localhost\\\\ph...')\n#5 {main} in C:\\localhost\\vendor\\vkcom\\vk-php-sdk\\src\\VK\\OAuth\\VKOAuth.php:127\nStack trace:\n#0 C:\\localhost\\php\\LoadWall.php(24): VK\\OAuth\\VKOAuth->getAc in C:\\localhost\\vendor\\vkcom\\vk-php-sdk\\src\\VK\\OAuth\\VKOAuth.php on line 127, referer: http://localhost:8080/creators.php
[Mon Jan 27 19:00:25.434376 2020] [php7:error] [pid 5524:tid 1180] [client ::1:52006] PHP Fatal error:  Uncaught VK\\Exceptions\\VKClientException: VK\\TransportClient\\TransportRequestException: Failed curl request. Curl error 60: SSL certificate problem: self signed certificate in certificate chain. in C:\\localhost\\vendor\\vkcom\\vk-php-sdk\\src\\VK\\TransportClient\\Curl\\CurlHttpClient.php:114\nStack trace:\n#0 C:\\localhost\\vendor\\vkcom\\vk-php-sdk\\src\\VK\\TransportClient\\Curl\\CurlHttpClient.php(57): VK\\TransportClient\\Curl\\CurlHttpClient->sendRequest('https://oauth.v...', Array)\n#1 C:\\localhost\\vendor\\vkcom\\vk-php-sdk\\src\\VK\\OAuth\\VKOAuth.php(125): VK\\TransportClient\\Curl\\CurlHttpClient->get('https://oauth.v...', Array)\n#2 C:\\localhost\\php\\LoadWall.php(24): VK\\OAuth\\VKOAuth->getAccessToken(208115135, 'SDAScasd', 'https://vk.com/...', 'de5d1eda6b6184f...')\n#3 C:\\localhost\\php\\LoadWall.php(7): getAccessToken()\n#4 C:\\localhost\\index.php(51): include('C:\\\\localhost\\\\ph...')\n#5 {main} in C:\\localhost\\vendor\\vkcom\\vk-php-sdk\\src\\VK\\OAuth\\VKOAuth.php:127\nStack trace:\n#0 C:\\localhost\\php\\LoadWall.php(24): VK\\OAuth\\VKOAuth->getAc in C:\\localhost\\vendor\\vkcom\\vk-php-sdk\\src\\VK\\OAuth\\VKOAuth.php on line 127, referer: http://localhost:8080/creators.php
[Mon Jan 27 19:00:26.856451 2020] [php7:error] [pid 5524:tid 1180] [client ::1:52006] PHP Fatal error:  Uncaught VK\\Exceptions\\VKClientException: VK\\TransportClient\\TransportRequestException: Failed curl request. Curl error 60: SSL certificate problem: self signed certificate in certificate chain. in C:\\localhost\\vendor\\vkcom\\vk-php-sdk\\src\\VK\\TransportClient\\Curl\\CurlHttpClient.php:114\nStack trace:\n#0 C:\\localhost\\vendor\\vkcom\\vk-php-sdk\\src\\VK\\TransportClient\\Curl\\CurlHttpClient.php(57): VK\\TransportClient\\Curl\\CurlHttpClient->sendRequest('https://oauth.v...', Array)\n#1 C:\\localhost\\vendor\\vkcom\\vk-php-sdk\\src\\VK\\OAuth\\VKOAuth.php(125): VK\\TransportClient\\Curl\\CurlHttpClient->get('https://oauth.v...', Array)\n#2 C:\\localhost\\php\\LoadWall.php(24): VK\\OAuth\\VKOAuth->getAccessToken(208115135, 'SDAScasd', 'https://vk.com/...', 'de5d1eda6b6184f...')\n#3 C:\\localhost\\php\\LoadWall.php(7): getAccessToken()\n#4 C:\\localhost\\index.php(51): include('C:\\\\localhost\\\\ph...')\n#5 {main} in C:\\localhost\\vendor\\vkcom\\vk-php-sdk\\src\\VK\\OAuth\\VKOAuth.php:127\nStack trace:\n#0 C:\\localhost\\php\\LoadWall.php(24): VK\\OAuth\\VKOAuth->getAc in C:\\localhost\\vendor\\vkcom\\vk-php-sdk\\src\\VK\\OAuth\\VKOAuth.php on line 127, referer: http://localhost:8080/creators.php
[Mon Jan 27 19:00:44.139013 2020] [php7:warn] [pid 5524:tid 1180] [client ::1:52019] PHP Warning:  Unterminated comment starting line 4 in C:\\localhost\\php\\LoadWall.php on line 4, referer: http://localhost:8080/creators.php
[Mon Jan 27 19:01:54.260165 2020] [php7:warn] [pid 5524:tid 1172] [client ::1:52079] PHP Warning:  Unterminated comment starting line 5 in C:\\localhost\\php\\LoadWall.php on line 5, referer: http://localhost:8080/creators.php
[Mon Jan 27 19:01:54.260165 2020] [php7:error] [pid 5524:tid 1172] [client ::1:52079] PHP Fatal error:  Uncaught Error: Class 'VK\\Client\\VKApiClient' not found in C:\\localhost\\php\\LoadWall.php:3\nStack trace:\n#0 C:\\localhost\\index.php(51): include()\n#1 {main}\n  thrown in C:\\localhost\\php\\LoadWall.php on line 3, referer: http://localhost:8080/creators.php
[Mon Jan 27 19:01:56.173451 2020] [php7:warn] [pid 5524:tid 1172] [client ::1:52079] PHP Warning:  Unterminated comment starting line 5 in C:\\localhost\\php\\LoadWall.php on line 5, referer: http://localhost:8080/creators.php
[Mon Jan 27 19:01:56.173451 2020] [php7:error] [pid 5524:tid 1172] [client ::1:52079] PHP Fatal error:  Uncaught Error: Class 'VK\\Client\\VKApiClient' not found in C:\\localhost\\php\\LoadWall.php:3\nStack trace:\n#0 C:\\localhost\\index.php(51): include()\n#1 {main}\n  thrown in C:\\localhost\\php\\LoadWall.php on line 3, referer: http://localhost:8080/creators.php
[Mon Jan 27 19:02:08.615932 2020] [php7:warn] [pid 5524:tid 1172] [client ::1:52085] PHP Warning:  Unterminated comment starting line 6 in C:\\localhost\\php\\LoadWall.php on line 6, referer: http://localhost:8080/creators.php
[Mon Jan 27 20:29:04.519763 2020] [php7:warn] [pid 5524:tid 1172] [client ::1:54388] PHP Warning:  Invalid argument supplied for foreach() in C:\\localhost\\php\\LoadWall.php on line 18, referer: http://localhost:8080/creators.php
[Mon Jan 27 20:30:08.753761 2020] [php7:notice] [pid 5524:tid 1172] [client ::1:54418] PHP Notice:  Trying to get property 'count' of non-object in C:\\localhost\\php\\LoadWall.php on line 18, referer: http://localhost:8080/creators.php
[Mon Jan 27 20:33:30.925351 2020] [php7:notice] [pid 5524:tid 1180] [client ::1:54465] PHP Notice:  Undefined variable: argc in C:\\localhost\\php\\ShowWall.php on line 7, referer: http://localhost:8080/creators.php
[Mon Jan 27 20:33:30.925351 2020] [php7:notice] [pid 5524:tid 1180] [client ::1:54465] PHP Notice:  Trying to get property '' of non-object in C:\\localhost\\php\\ShowWall.php on line 7, referer: http://localhost:8080/creators.php
